2026-01-15 23:31:44 [INF] CloverBridge starting...
2026-01-15 23:31:44 [INF] Starting in tray mode
2026-01-15 23:31:45 [INF] Creating default configuration
2026-01-15 23:31:45 [INF] Configuration saved to D:\DEVs\Clover2\windows\bin\Release\net8.0-windows\win-x64\config.json
2026-01-15 23:31:45 [INF] Folders created/verified
2026-01-15 23:31:45 [INF] CloverWebSocketService starting
2026-01-15 23:31:45 [INF] Connecting to Clover at ws://10.1.1.53:12345/remote_pay
2026-01-15 23:31:45 [INF] Connection state changed to "Connecting"
2026-01-15 23:31:45 [INF] Tray tooltip updated: CloverBridge - Conectando...
2026-01-15 23:31:46 [INF] TransactionQueueService started
2026-01-15 23:31:46 [INF] InboxWatcher started, monitoring: D:\DEVs\Clover2\windows\bin\Release\net8.0-windows\win-x64\INBOX
2026-01-15 23:31:46 [INF] Found 0 existing files in inbox
2026-01-15 23:31:46 [ERR] Error starting API server
System.Net.HttpListenerException (183): Failed to listen on prefix 'http://127.0.0.1:3777/' because it conflicts with an existing registration on the machine.
   at System.Net.HttpListener.AddPrefixCore(String registeredPrefix)
   at System.Net.HttpListener.AddAllPrefixes()
   at System.Net.HttpListener.Start()
   at CloverBridge.Services.ApiService.ExecuteAsync(CancellationToken stoppingToken) in D:\DEVs\Clover2\windows\Services\ApiService.cs:line 45
2026-01-15 23:31:46 [ERR] Hosting failed to start
System.ObjectDisposedException: Cannot access a disposed object.
Object name: 'System.Net.HttpListener'.
   at System.Net.HttpListener.Stop()
   at CloverBridge.Services.ApiService.ExecuteAsync(CancellationToken stoppingToken) in D:\DEVs\Clover2\windows\Services\ApiService.cs:line 68
   at Microsoft.Extensions.Hosting.Internal.Host.<StartAsync>b__15_1(IHostedService service, CancellationToken token)
   at Microsoft.Extensions.Hosting.Internal.Host.ForeachService[T](IEnumerable`1 services, CancellationToken token, Boolean concurrent, Boolean abortOnFirstException, List`1 exceptions, Func`3 operation)
2026-01-15 23:31:46 [INF] TrayApplicationContext initialized
2026-01-15 23:31:46 [INF] Connection state changed to "Connected"
2026-01-15 23:31:46 [INF] Tray tooltip updated: CloverBridge - Conectado
2026-01-15 23:31:46 [INF] Connected to Clover
2026-01-15 23:31:46 [INF] No auth token found, requesting pairing
2026-01-15 23:31:46 [INF] Connection state changed to "PairingRequired"
2026-01-15 23:31:46 [INF] Tray tooltip updated: CloverBridge - Pairing requerido
2026-01-15 23:31:46 [INF] Sending pairing request: {"method":"PAIRING_REQUEST","payload":"{\u0022method\u0022:\u0022PAIRING_REQUEST\u0022,\u0022serialNumber\u0022:\u0022CB-001\u0022,\u0022name\u0022:\u0022ERP Bridge\u0022,\u0022authenticationToken\u0022:null}","remoteApplicationID":"clover-bridge","remoteSourceSDK":"CloverBridge-1.0.0","version":1}
2026-01-15 23:31:46 [INF] Pairing request sent successfully
2026-01-15 23:32:01 [WRN] No response from terminal after 15s - using fallback mode
2026-01-15 23:32:01 [INF] Pairing code received in tray: 281889
2026-01-15 23:32:28 [INF] User requested application shutdown
2026-01-15 23:32:28 [INF] Application is shutting down...
2026-01-15 23:32:28 [ERR] Error processing transaction
System.Threading.Tasks.TaskCanceledException: A task was canceled.
   at CloverBridge.Services.TransactionQueueService.ExecuteAsync(CancellationToken stoppingToken) in D:\DEVs\Clover2\windows\Services\TransactionQueueService.cs:line 46
2026-01-15 23:32:28 [INF] TransactionQueueService stopped
2026-01-15 23:32:28 [INF] Connection state changed to "Disconnected"
2026-01-15 23:32:28 [INF] Tray tooltip updated: CloverBridge - Desconectado
2026-01-15 23:32:28 [INF] CloverWebSocketService stopped
2026-01-15 23:32:54 [INF] CloverBridge starting...
2026-01-15 23:32:54 [INF] Starting in UI mode
2026-01-15 23:32:54 [INF] Configuration loaded from D:\DEVs\Clover2\windows\bin\Release\net8.0-windows\win-x64\config.json
2026-01-15 23:32:54 [INF] Folders created/verified
2026-01-15 23:32:54 [INF] CloverWebSocketService starting
2026-01-15 23:32:54 [INF] Connecting to Clover at ws://10.1.1.53:12345/remote_pay
2026-01-15 23:32:54 [INF] Connection state changed to "Connecting"
2026-01-15 23:32:54 [INF] TransactionQueueService started
2026-01-15 23:32:54 [INF] InboxWatcher started, monitoring: D:\DEVs\Clover2\windows\bin\Release\net8.0-windows\win-x64\INBOX
2026-01-15 23:32:54 [INF] Found 0 existing files in inbox
2026-01-15 23:32:54 [ERR] Error starting API server
System.Net.HttpListenerException (183): Failed to listen on prefix 'http://127.0.0.1:3777/' because it conflicts with an existing registration on the machine.
   at System.Net.HttpListener.AddPrefixCore(String registeredPrefix)
   at System.Net.HttpListener.AddAllPrefixes()
   at System.Net.HttpListener.Start()
   at CloverBridge.Services.ApiService.ExecuteAsync(CancellationToken stoppingToken) in D:\DEVs\Clover2\windows\Services\ApiService.cs:line 45
2026-01-15 23:32:54 [ERR] Hosting failed to start
System.ObjectDisposedException: Cannot access a disposed object.
Object name: 'System.Net.HttpListener'.
   at System.Net.HttpListener.Stop()
   at CloverBridge.Services.ApiService.ExecuteAsync(CancellationToken stoppingToken) in D:\DEVs\Clover2\windows\Services\ApiService.cs:line 68
   at Microsoft.Extensions.Hosting.Internal.Host.<StartAsync>b__15_1(IHostedService service, CancellationToken token)
   at Microsoft.Extensions.Hosting.Internal.Host.ForeachService[T](IEnumerable`1 services, CancellationToken token, Boolean concurrent, Boolean abortOnFirstException, List`1 exceptions, Func`3 operation)
2026-01-15 23:32:54 [INF] Connection state changed to "Connected"
2026-01-15 23:32:54 [INF] Connected to Clover
2026-01-15 23:32:54 [INF] No auth token found, requesting pairing
2026-01-15 23:32:54 [INF] Connection state changed to "PairingRequired"
2026-01-15 23:32:54 [INF] Sending pairing request: {"method":"PAIRING_REQUEST","payload":"{\u0022method\u0022:\u0022PAIRING_REQUEST\u0022,\u0022serialNumber\u0022:\u0022CB-001\u0022,\u0022name\u0022:\u0022ERP Bridge\u0022,\u0022authenticationToken\u0022:null}","remoteApplicationID":"clover-bridge","remoteSourceSDK":"CloverBridge-1.0.0","version":1}
2026-01-15 23:32:54 [INF] Pairing request sent successfully
2026-01-15 23:32:55 [INF] Services started, launching UI...
2026-01-15 23:32:55 [INF] 锔 Configuraci贸n cargada:
2026-01-15 23:32:55 [INF] Host: 10.1.1.53:12345
2026-01-15 23:32:55 [INF] Secure: False
2026-01-15 23:32:55 [INF] Remote App ID: clover-bridge
2026-01-15 23:32:55 [INF] Estado de conexi贸n: Pairing Requerido
2026-01-15 23:32:55 [INF] CloverBridge UI iniciado
2026-01-15 23:32:59 [INF] Iniciando proceso de pairing...
2026-01-15 23:32:59 [INF]  Forzando nuevo pairing...
2026-01-15 23:33:00 [INF] WebSocket closed by server
2026-01-15 23:33:00 [INF] Connecting to Clover at ws://10.1.1.53:12345/remote_pay
2026-01-15 23:33:00 [INF] Connection state changed to "Connecting"
2026-01-15 23:33:00 [INF] Connection state changed to "Disconnected"
2026-01-15 23:33:00 [INF] Estado de conexi贸n: Desconectado
2026-01-15 23:33:00 [INF] Estado de conexi贸n: Conectando...
2026-01-15 23:33:00 [INF] Connection state changed to "Connected"
2026-01-15 23:33:00 [INF] Estado de conexi贸n: Conectado
2026-01-15 23:33:00 [INF] Connected to Clover
2026-01-15 23:33:00 [INF] No auth token found, requesting pairing
2026-01-15 23:33:00 [INF] Connection state changed to "PairingRequired"
2026-01-15 23:33:00 [INF] Estado de conexi贸n: Pairing Requerido
2026-01-15 23:33:00 [INF] Sending pairing request: {"method":"PAIRING_REQUEST","payload":"{\u0022method\u0022:\u0022PAIRING_REQUEST\u0022,\u0022serialNumber\u0022:\u0022CB-001\u0022,\u0022name\u0022:\u0022ERP Bridge\u0022,\u0022authenticationToken\u0022:null}","remoteApplicationID":"clover-bridge","remoteSourceSDK":"CloverBridge-1.0.0","version":1}
2026-01-15 23:33:00 [INF] Pairing request sent successfully
2026-01-15 23:33:01 [INF] Reconectando a 10.1.1.53:12345...
2026-01-15 23:33:01 [INF] Solicitud de pairing enviada
2026-01-15 23:33:09 [WRN] No response from terminal after 15s - using fallback mode
2026-01-15 23:33:09 [INF] C贸digo de pairing recibido: 410621
2026-01-15 23:33:09 [INF]  Popup de pairing mostrado con c贸digo: 410621
2026-01-15 23:33:09 [INF]  Raw message received: {"directed":false,"id":"637","method":"PAIRING_CODE","packageName":"com.clover.remote_protocol_broadcast.app","payload":"{\"method\":\"PAIRING_CODE\",\"pairingCode\":\"2216\"}","remotePayCompatibility...
2026-01-15 23:33:09 [ERR] Error handling message
System.Text.Json.JsonException: The JSON value could not be converted to System.String. Path: $.version | LineNumber: 0 | BytePositionInLine: 267.
 ---> System.InvalidOperationException: Cannot get the value of a token type 'Number' as a string.
   at System.Text.Json.ThrowHelper.ThrowInvalidOperationException_ExpectedString(JsonTokenType tokenType)
   at System.Text.Json.Utf8JsonReader.GetString()
   at System.Text.Json.Serialization.Metadata.JsonPropertyInfo`1.ReadJsonAndSetMember(Object obj, ReadStack& state, Utf8JsonReader& reader)
   at System.Text.Json.Serialization.Converters.ObjectDefaultConverter`1.OnTryRead(Utf8JsonReader& reader, Type typeToConvert, JsonSerializerOptions options, ReadStack& state, T& value)
   at System.Text.Json.Serialization.JsonConverter`1.TryRead(Utf8JsonReader& reader, Type typeToConvert, JsonSerializerOptions options, ReadStack& state, T& value, Boolean& isPopulatedValue)
   at System.Text.Json.Serialization.JsonConverter`1.ReadCore(Utf8JsonReader& reader, JsonSerializerOptions options, ReadStack& state)
   --- End of inner exception stack trace ---
   at System.Text.Json.ThrowHelper.ReThrowWithPath(ReadStack& state, Utf8JsonReader& reader, Exception ex)
   at System.Text.Json.Serialization.JsonConverter`1.ReadCore(Utf8JsonReader& reader, JsonSerializerOptions options, ReadStack& state)
   at System.Text.Json.JsonSerializer.ReadFromSpan[TValue](ReadOnlySpan`1 utf8Json, JsonTypeInfo`1 jsonTypeInfo, Nullable`1 actualByteCount)
   at System.Text.Json.JsonSerializer.ReadFromSpan[TValue](ReadOnlySpan`1 json, JsonTypeInfo`1 jsonTypeInfo)
   at System.Text.Json.JsonSerializer.Deserialize[TValue](String json, JsonSerializerOptions options)
   at CloverBridge.Services.CloverWebSocketService.HandleMessageAsync(String messageJson) in D:\DEVs\Clover2\windows\Services\CloverWebSocketService.cs:line 275
2026-01-15 23:33:14 [WRN] Auto-completing pairing (fallback mode)
2026-01-15 23:33:14 [INF] Configuration saved to D:\DEVs\Clover2\windows\bin\Release\net8.0-windows\win-x64\config.json
2026-01-15 23:33:14 [INF] Connection state changed to "Paired"
2026-01-15 23:33:14 [INF] Estado de conexi贸n: Pareado
2026-01-15 23:33:14 [INF] Pairing completado exitosamente!
2026-01-15 23:33:25 [INF]  Raw message received: {"directed":false,"id":"640","method":"PAIRING_RESPONSE","packageName":"com.clover.remote_protocol_broadcast.app","payload":"{\"applicationName\":\"/remote_pay\",\"method\":\"PAIRING_RESPONSE\",\"mill...
2026-01-15 23:33:25 [ERR] Error handling message
System.Text.Json.JsonException: The JSON value could not be converted to System.String. Path: $.version | LineNumber: 0 | BytePositionInLine: 379.
 ---> System.InvalidOperationException: Cannot get the value of a token type 'Number' as a string.
   at System.Text.Json.ThrowHelper.ThrowInvalidOperationException_ExpectedString(JsonTokenType tokenType)
   at System.Text.Json.Utf8JsonReader.GetString()
   at System.Text.Json.Serialization.Metadata.JsonPropertyInfo`1.ReadJsonAndSetMember(Object obj, ReadStack& state, Utf8JsonReader& reader)
   at System.Text.Json.Serialization.Converters.ObjectDefaultConverter`1.OnTryRead(Utf8JsonReader& reader, Type typeToConvert, JsonSerializerOptions options, ReadStack& state, T& value)
   at System.Text.Json.Serialization.JsonConverter`1.TryRead(Utf8JsonReader& reader, Type typeToConvert, JsonSerializerOptions options, ReadStack& state, T& value, Boolean& isPopulatedValue)
   at System.Text.Json.Serialization.JsonConverter`1.ReadCore(Utf8JsonReader& reader, JsonSerializerOptions options, ReadStack& state)
   --- End of inner exception stack trace ---
   at System.Text.Json.ThrowHelper.ReThrowWithPath(ReadStack& state, Utf8JsonReader& reader, Exception ex)
   at System.Text.Json.Serialization.JsonConverter`1.ReadCore(Utf8JsonReader& reader, JsonSerializerOptions options, ReadStack& state)
   at System.Text.Json.JsonSerializer.ReadFromSpan[TValue](ReadOnlySpan`1 utf8Json, JsonTypeInfo`1 jsonTypeInfo, Nullable`1 actualByteCount)
   at System.Text.Json.JsonSerializer.ReadFromSpan[TValue](ReadOnlySpan`1 json, JsonTypeInfo`1 jsonTypeInfo)
   at System.Text.Json.JsonSerializer.Deserialize[TValue](String json, JsonSerializerOptions options)
   at CloverBridge.Services.CloverWebSocketService.HandleMessageAsync(String messageJson) in D:\DEVs\Clover2\windows\Services\CloverWebSocketService.cs:line 275
2026-01-15 23:33:26 [INF] WebSocket closed by server
2026-01-15 23:33:26 [INF] Connecting to Clover at ws://10.1.1.53:12345/remote_pay
2026-01-15 23:33:26 [INF] Connection state changed to "Connecting"
2026-01-15 23:33:26 [INF] Estado de conexi贸n: Conectando...
2026-01-15 23:33:26 [INF] Connection state changed to "Connected"
2026-01-15 23:33:26 [INF] Estado de conexi贸n: Conectado
2026-01-15 23:33:26 [INF] Connected to Clover
2026-01-15 23:33:26 [INF] Using existing auth token
2026-01-15 23:33:26 [INF] Connection state changed to "Paired"
2026-01-15 23:33:26 [INF] Estado de conexi贸n: Pareado
2026-01-15 23:33:26 [INF] Pairing completado exitosamente!
2026-01-15 23:33:30 [INF] Generando QR por $1000...
2026-01-15 23:33:30 [INF] New file detected: D:\DEVs\Clover2\windows\bin\Release\net8.0-windows\win-x64\INBOX\qr_20260115_233330_7b2712a5304d4425a649353bdd1d9a32.json
2026-01-15 23:33:30 [INF] Solicitud QR creada: qr_20260115_233330_7b2712a5304d4425a649353bdd1d9a32.json
2026-01-15 23:33:30 [INF]  Guardada en: D:\DEVs\Clover2\windows\bin\Release\net8.0-windows\win-x64\INBOX
2026-01-15 23:33:31 [INF] Processing file: D:\DEVs\Clover2\windows\bin\Release\net8.0-windows\win-x64\INBOX\qr_20260115_233330_7b2712a5304d4425a649353bdd1d9a32.json
2026-01-15 23:33:31 [INF] Response written: D:\DEVs\Clover2\windows\bin\Release\net8.0-windows\win-x64\OUTBOX\RES_2026-01-15_23-33-31_3d9f30c3-96fb-4d4a-9c9a-edcec89b1d14.json
2026-01-15 23:33:31 [INF] File archived: D:\DEVs\Clover2\windows\bin\Release\net8.0-windows\win-x64\ARCHIVE\processed\qr_20260115_233330_7b2712a5304d4425a649353bdd1d9a32.json
2026-01-15 23:33:31 [INF] File processed successfully: D:\DEVs\Clover2\windows\bin\Release\net8.0-windows\win-x64\INBOX\qr_20260115_233330_7b2712a5304d4425a649353bdd1d9a32.json
2026-01-15 23:34:04 [INF]  Ventana ocultada. Usar systray para cerrar la aplicaci贸n.
2026-01-15 23:35:17 [INF] CloverBridge starting...
2026-01-15 23:35:17 [INF] Starting in UI mode
2026-01-15 23:35:17 [INF] Creating WPF application host...
2026-01-15 23:35:17 [INF] Starting background services...
2026-01-15 23:35:17 [INF] Configuration loaded from D:\DEVs\Clover2\windows\bin\Release\net8.0-windows\win-x64\config.json
2026-01-15 23:35:17 [INF] Folders created/verified
2026-01-15 23:35:17 [INF] CloverWebSocketService starting
2026-01-15 23:35:17 [INF] Connecting to Clover at ws://10.1.1.53:12345/remote_pay
2026-01-15 23:35:17 [INF] Connection state changed to "Connecting"
2026-01-15 23:35:17 [INF] TransactionQueueService started
2026-01-15 23:35:17 [INF] InboxWatcher started, monitoring: D:\DEVs\Clover2\windows\bin\Release\net8.0-windows\win-x64\INBOX
2026-01-15 23:35:17 [INF] Found 0 existing files in inbox
2026-01-15 23:35:17 [INF] API Server started on http://127.0.0.1:3777/
2026-01-15 23:35:17 [INF] Application started. Press Ctrl+C to shut down.
2026-01-15 23:35:17 [INF] Hosting environment: Production
2026-01-15 23:35:17 [INF] Content root path: D:\DEVs\Clover2\windows\bin\Release\net8.0-windows\win-x64
2026-01-15 23:35:17 [INF] Connection state changed to "Connected"
2026-01-15 23:35:17 [INF] Connected to Clover
2026-01-15 23:35:17 [INF] Using existing auth token
2026-01-15 23:35:17 [INF] Connection state changed to "Paired"
2026-01-15 23:35:18 [INF] Services started, launching MainWindow...
2026-01-15 23:35:18 [FTL] Application terminated unexpectedly
System.InvalidOperationException: El subproceso de llamada debe ser STA, ya que muchos componentes de la interfaz de usuario lo requieren.
   at System.Windows.Input.InputManager..ctor()
   at System.Windows.Input.InputManager.GetCurrentInputManagerImpl()
   at System.Windows.Input.KeyboardNavigation..ctor()
   at System.Windows.FrameworkElement.FrameworkServices..ctor()
   at System.Windows.FrameworkElement.EnsureFrameworkServices()
   at System.Windows.FrameworkElement..ctor()
   at System.Windows.Controls.Control..ctor()
   at System.Windows.Window..ctor()
   at CloverBridge.UI.MainWindow..ctor(CloverWebSocketService cloverService, ConfigurationService configService, TransactionQueueService queueService, InboxWatcherService inboxService) in D:\DEVs\Clover2\windows\UI\MainWindow.xaml.cs:line 25
   at CloverBridge.Program.RunAsUIApp() in D:\DEVs\Clover2\windows\Program.cs:line 196
   at CloverBridge.Program.Main(String[] args) in D:\DEVs\Clover2\windows\Program.cs:line 49
2026-01-15 23:36:17 [INF] CloverBridge starting...
2026-01-15 23:36:17 [INF] Starting in UI mode
2026-01-15 23:36:17 [INF] Creating WPF application host...
2026-01-15 23:36:17 [INF] Starting background services...
2026-01-15 23:36:17 [INF] Configuration loaded from D:\DEVs\Clover2\windows\bin\Release\net8.0-windows\win-x64\config.json
2026-01-15 23:36:17 [INF] Folders created/verified
2026-01-15 23:36:17 [INF] CloverWebSocketService starting
2026-01-15 23:36:17 [INF] Connecting to Clover at ws://10.1.1.53:12345/remote_pay
2026-01-15 23:36:17 [INF] Connection state changed to "Connecting"
2026-01-15 23:36:17 [INF] TransactionQueueService started
2026-01-15 23:36:17 [INF] InboxWatcher started, monitoring: D:\DEVs\Clover2\windows\bin\Release\net8.0-windows\win-x64\INBOX
2026-01-15 23:36:17 [INF] Found 0 existing files in inbox
2026-01-15 23:36:17 [INF] API Server started on http://127.0.0.1:3777/
2026-01-15 23:36:17 [INF] Application started. Press Ctrl+C to shut down.
2026-01-15 23:36:17 [INF] Hosting environment: Production
2026-01-15 23:36:17 [INF] Content root path: D:\DEVs\Clover2
2026-01-15 23:36:17 [INF] Connection state changed to "Connected"
2026-01-15 23:36:17 [INF] Connected to Clover
2026-01-15 23:36:17 [INF] Using existing auth token
2026-01-15 23:36:17 [INF] Connection state changed to "Paired"
2026-01-15 23:36:18 [INF] Services started, launching MainWindow...
2026-01-15 23:36:18 [FTL] Application terminated unexpectedly
System.InvalidOperationException: El subproceso de llamada debe ser STA, ya que muchos componentes de la interfaz de usuario lo requieren.
   at System.Windows.Input.InputManager..ctor()
   at System.Windows.Input.InputManager.GetCurrentInputManagerImpl()
   at System.Windows.Input.KeyboardNavigation..ctor()
   at System.Windows.FrameworkElement.FrameworkServices..ctor()
   at System.Windows.FrameworkElement.EnsureFrameworkServices()
   at System.Windows.FrameworkElement..ctor()
   at System.Windows.Controls.Control..ctor()
   at System.Windows.Window..ctor()
   at CloverBridge.UI.MainWindow..ctor(CloverWebSocketService cloverService, ConfigurationService configService, TransactionQueueService queueService, InboxWatcherService inboxService) in D:\DEVs\Clover2\windows\UI\MainWindow.xaml.cs:line 25
   at CloverBridge.Program.RunAsUIApp() in D:\DEVs\Clover2\windows\Program.cs:line 196
   at CloverBridge.Program.Main(String[] args) in D:\DEVs\Clover2\windows\Program.cs:line 49
2026-01-15 23:37:14 [INF] CloverBridge starting...
2026-01-15 23:37:15 [INF] Starting in UI mode
2026-01-15 23:37:15 [INF] Creating WPF application and services host...
2026-01-15 23:37:15 [INF] Starting background services...
2026-01-15 23:37:15 [INF] Configuration loaded from D:\DEVs\Clover2\windows\bin\Release\net8.0-windows\win-x64\config.json
2026-01-15 23:37:15 [INF] Folders created/verified
2026-01-15 23:37:15 [INF] CloverWebSocketService starting
2026-01-15 23:37:15 [INF] Connecting to Clover at ws://10.1.1.53:12345/remote_pay
2026-01-15 23:37:15 [INF] Connection state changed to "Connecting"
2026-01-15 23:37:15 [INF] TransactionQueueService started
2026-01-15 23:37:15 [INF] InboxWatcher started, monitoring: D:\DEVs\Clover2\windows\bin\Release\net8.0-windows\win-x64\INBOX
2026-01-15 23:37:15 [INF] Found 0 existing files in inbox
2026-01-15 23:37:15 [INF] API Server started on http://127.0.0.1:3777/
2026-01-15 23:37:15 [INF] Application started. Press Ctrl+C to shut down.
2026-01-15 23:37:15 [INF] Hosting environment: Production
2026-01-15 23:37:15 [INF] Content root path: D:\DEVs\Clover2
2026-01-15 23:37:15 [INF] Connection state changed to "Connected"
2026-01-15 23:37:15 [INF] Connected to Clover
2026-01-15 23:37:15 [INF] Using existing auth token
2026-01-15 23:37:15 [INF] Connection state changed to "Paired"
2026-01-15 23:37:16 [INF] Services started, launching MainWindow...
2026-01-15 23:37:16 [FTL] Application terminated unexpectedly
System.InvalidOperationException: El subproceso de llamada debe ser STA, ya que muchos componentes de la interfaz de usuario lo requieren.
   at System.Windows.Input.InputManager..ctor()
   at System.Windows.Input.InputManager.GetCurrentInputManagerImpl()
   at System.Windows.Input.KeyboardNavigation..ctor()
   at System.Windows.FrameworkElement.FrameworkServices..ctor()
   at System.Windows.FrameworkElement.EnsureFrameworkServices()
   at System.Windows.FrameworkElement..ctor()
   at System.Windows.Controls.Control..ctor()
   at System.Windows.Window..ctor()
   at CloverBridge.UI.MainWindow..ctor(CloverWebSocketService cloverService, ConfigurationService configService, TransactionQueueService queueService, InboxWatcherService inboxService) in D:\DEVs\Clover2\windows\UI\MainWindow.xaml.cs:line 25
   at CloverBridge.Program.RunAsUIApp() in D:\DEVs\Clover2\windows\Program.cs:line 196
   at CloverBridge.Program.Main(String[] args) in D:\DEVs\Clover2\windows\Program.cs:line 49
2026-01-15 23:38:16 [INF] CloverBridge starting...
2026-01-15 23:38:16 [INF] Starting in UI mode
2026-01-15 23:38:16 [INF] Creating WPF application...
2026-01-15 23:38:16 [INF] Starting background services...
2026-01-15 23:38:16 [INF] Configuration loaded from D:\DEVs\Clover2\windows\bin\Release\net8.0-windows\win-x64\config.json
2026-01-15 23:38:16 [INF] Folders created/verified
2026-01-15 23:38:16 [INF] CloverWebSocketService starting
2026-01-15 23:38:16 [INF] Connecting to Clover at ws://10.1.1.53:12345/remote_pay
2026-01-15 23:38:16 [INF] Connection state changed to "Connecting"
2026-01-15 23:38:16 [INF] TransactionQueueService started
2026-01-15 23:38:16 [INF] InboxWatcher started, monitoring: D:\DEVs\Clover2\windows\bin\Release\net8.0-windows\win-x64\INBOX
2026-01-15 23:38:16 [INF] Found 0 existing files in inbox
2026-01-15 23:38:16 [INF] API Server started on http://127.0.0.1:3777/
2026-01-15 23:38:16 [INF] Application started. Press Ctrl+C to shut down.
2026-01-15 23:38:16 [INF] Hosting environment: Production
2026-01-15 23:38:16 [INF] Content root path: D:\DEVs\Clover2
2026-01-15 23:38:16 [INF] Connection state changed to "Connected"
2026-01-15 23:38:16 [INF] Connected to Clover
2026-01-15 23:38:16 [INF] Using existing auth token
2026-01-15 23:38:16 [INF] Connection state changed to "Paired"
2026-01-15 23:38:18 [INF] Services started, creating MainWindow...
2026-01-15 23:38:18 [FTL] Application terminated unexpectedly
System.InvalidOperationException: El subproceso de llamada debe ser STA, ya que muchos componentes de la interfaz de usuario lo requieren.
   at System.Windows.Input.InputManager..ctor()
   at System.Windows.Input.InputManager.GetCurrentInputManagerImpl()
   at System.Windows.Input.KeyboardNavigation..ctor()
   at System.Windows.FrameworkElement.FrameworkServices..ctor()
   at System.Windows.FrameworkElement.EnsureFrameworkServices()
   at System.Windows.FrameworkElement..ctor()
   at System.Windows.Controls.Control..ctor()
   at System.Windows.Window..ctor()
   at CloverBridge.UI.MainWindow..ctor(CloverWebSocketService cloverService, ConfigurationService configService, TransactionQueueService queueService, InboxWatcherService inboxService) in D:\DEVs\Clover2\windows\UI\MainWindow.xaml.cs:line 25
   at CloverBridge.Program.RunAsUIApp() in D:\DEVs\Clover2\windows\Program.cs:line 199
   at CloverBridge.Program.Main(String[] args) in D:\DEVs\Clover2\windows\Program.cs:line 49
2026-01-15 23:39:10 [INF] CloverBridge starting...
2026-01-15 23:39:10 [INF] Starting in UI mode
2026-01-15 23:39:10 [INF] Creating WPF application...
2026-01-15 23:39:10 [INF] Starting background services...
2026-01-15 23:39:10 [INF] Configuration loaded from D:\DEVs\Clover2\windows\bin\Release\net8.0-windows\win-x64\config.json
2026-01-15 23:39:10 [INF] Folders created/verified
2026-01-15 23:39:10 [INF] CloverWebSocketService starting
2026-01-15 23:39:10 [INF] Connecting to Clover at ws://10.1.1.53:12345/remote_pay
2026-01-15 23:39:10 [INF] Connection state changed to "Connecting"
2026-01-15 23:39:10 [INF] TransactionQueueService started
2026-01-15 23:39:10 [INF] InboxWatcher started, monitoring: D:\DEVs\Clover2\windows\bin\Release\net8.0-windows\win-x64\INBOX
2026-01-15 23:39:10 [INF] Found 0 existing files in inbox
2026-01-15 23:39:10 [INF] API Server started on http://127.0.0.1:3777/
2026-01-15 23:39:10 [INF] Application started. Press Ctrl+C to shut down.
2026-01-15 23:39:10 [INF] Hosting environment: Production
2026-01-15 23:39:10 [INF] Content root path: D:\DEVs\Clover2
2026-01-15 23:39:10 [INF] Connection state changed to "Connected"
2026-01-15 23:39:10 [INF] Connected to Clover
2026-01-15 23:39:10 [INF] Using existing auth token
2026-01-15 23:39:10 [INF] Connection state changed to "Paired"
2026-01-15 23:39:11 [INF] Services started, creating MainWindow...
2026-01-15 23:39:12 [INF] 锔 Configuraci贸n cargada:
2026-01-15 23:39:12 [INF] Host: 10.1.1.53:12345
2026-01-15 23:39:12 [INF] Secure: False
2026-01-15 23:39:12 [INF] Remote App ID: clover-bridge
2026-01-15 23:39:12 [INF] Estado de conexi贸n: Pareado
2026-01-15 23:39:12 [INF] Pairing completado exitosamente!
2026-01-15 23:39:12 [INF] CloverBridge UI iniciado
2026-01-15 23:39:12 [INF] Showing window and running application...
2026-01-15 23:39:23 [INF] Generando QR por $1000...
2026-01-15 23:39:23 [INF] New file detected: D:\DEVs\Clover2\windows\bin\Release\net8.0-windows\win-x64\INBOX\qr_20260115_233923_f4f8aa88c86543829f8e9845574a8eb2.json
2026-01-15 23:39:23 [INF] Solicitud QR creada: qr_20260115_233923_f4f8aa88c86543829f8e9845574a8eb2.json
2026-01-15 23:39:23 [INF]  Guardada en: D:\DEVs\Clover2\windows\bin\Release\net8.0-windows\win-x64\INBOX
2026-01-15 23:39:24 [INF] Processing file: D:\DEVs\Clover2\windows\bin\Release\net8.0-windows\win-x64\INBOX\qr_20260115_233923_f4f8aa88c86543829f8e9845574a8eb2.json
2026-01-15 23:39:24 [INF] Response written: D:\DEVs\Clover2\windows\bin\Release\net8.0-windows\win-x64\OUTBOX\RES_2026-01-15_23-39-24_dbdf3e2d-0f41-46ce-a244-3447989eae5c.json
2026-01-15 23:39:24 [INF] File archived: D:\DEVs\Clover2\windows\bin\Release\net8.0-windows\win-x64\ARCHIVE\processed\qr_20260115_233923_f4f8aa88c86543829f8e9845574a8eb2.json
2026-01-15 23:39:24 [INF] File processed successfully: D:\DEVs\Clover2\windows\bin\Release\net8.0-windows\win-x64\INBOX\qr_20260115_233923_f4f8aa88c86543829f8e9845574a8eb2.json
2026-01-15 23:40:15 [INF] Enviando venta por $2500...
2026-01-15 23:40:15 [INF] Connection state changed to "Busy"
2026-01-15 23:40:15 [INF] Estado de conexi贸n: Desconocido
2026-01-15 23:40:15 [INF]  Sending SALE transaction: {"method":"TX_START","payload":"{\u0022id\u0022:\u00221\u0022,\u0022method\u0022:\u0022TX_START\u0022,\u0022payIntent\u0022:{\u0022action\u0022:\u0022com.clover.intent.action.PAY\u0022,\u0022amount\u0022:250000,\u0022tipAmount\u0022:0,\u0022taxAmount\u0022:0,\u0022orderId\u0022:null,\u0022paymentId\u0022:null,\u0022employeeId\u0022:null,\u0022transactionType\u0022:\u0022PAYMENT\u0022,\u0022taxableAmountRateList\u0022:null,\u0022isDisableCashBack\u0022:false,\u0022isTesting\u0022:false,\u0022voiceAuthCode\u0022:null,\u0022postalCode\u0022:null,\u0022streetAddress\u0022:null,\u0022isCardNotPresent\u0022:false,\u0022cardNotPresent\u0022:false,\u0022transactionNo\u0022:null,\u0022isForceSwipePinEntry\u0022:false,\u0022disableRestartTransactionWhenFailed\u0022:false,\u0022externalPaymentId\u0022:\u0022EXT-20260115-c0b8798df9f84eb5b27\u0022,\u0022externalReferenceId\u0022:null,\u0022vaultedCard\u0022:null,\u0022allowOfflinePayment\u0022:true,\u0022approveOfflinePaymentWithoutPrompt\u0022:true,\u0022requiresRemoteConfirmation\u0022:true,\u0022applicationTracking\u0022:null,\u0022allowPartialAuth\u0022:false,\u0022germanInfo\u0022:null,\u0022remotePrint\u0022:false,\u0022transactionSettings\u0022:{\u0022cloverShouldHandleReceipts\u0022:false,\u0022disableCashBack\u0022:false,\u0022forcePinEntryOnSwipe\u0022:false,\u0022disableRestartTransactionOnFailure\u0022:false,\u0022allowOfflinePayment\u0022:true,\u0022approveOfflinePaymentWithoutPrompt\u0022:true,\u0022forceOfflinePayment\u0022:false,\u0022signatureThreshold\u0022:null,\u0022signatureEntryLocation\u0022:null,\u0022tipMode\u0022:\u0022NO_TIP\u0022,\u0022tippableAmount\u0022:null,\u0022disableReceiptSelection\u0022:false,\u0022disableDuplicateCheck\u0022:false,\u0022autoAcceptPaymentConfirmations\u0022:true,\u0022autoAcceptSignature\u0022:true,\u0022regionalExtras\u0022:null,\u0022cardEntryMethods\u0022:null,\u0022tipSuggestions\u0022:null}},\u0022order\u0022:null,\u0022requestInfo\u0022:\u0022SALE\u0022}","remoteApplicationID":"clover-bridge","remoteSourceSDK":"CloverBridge-1.0.0","version":2,"directed":true,"packageName":"com.clover.remote_protocol_broadcast.app"}
2026-01-15 23:40:15 [INF]  Raw message received: {"directed":false,"id":"641","method":"TX_START_RESPONSE","packageName":"com.clover.remote_protocol_broadcast.app","payload":"{\"millis\":0,\"result\":false}","remotePayCompatibilityVersion":1,"remote...
2026-01-15 23:40:15 [ERR] Error handling message
System.Text.Json.JsonException: The JSON value could not be converted to System.String. Path: $.version | LineNumber: 0 | BytePositionInLine: 249.
 ---> System.InvalidOperationException: Cannot get the value of a token type 'Number' as a string.
   at System.Text.Json.ThrowHelper.ThrowInvalidOperationException_ExpectedString(JsonTokenType tokenType)
   at System.Text.Json.Utf8JsonReader.GetString()
   at System.Text.Json.Serialization.Metadata.JsonPropertyInfo`1.ReadJsonAndSetMember(Object obj, ReadStack& state, Utf8JsonReader& reader)
   at System.Text.Json.Serialization.Converters.ObjectDefaultConverter`1.OnTryRead(Utf8JsonReader& reader, Type typeToConvert, JsonSerializerOptions options, ReadStack& state, T& value)
   at System.Text.Json.Serialization.JsonConverter`1.TryRead(Utf8JsonReader& reader, Type typeToConvert, JsonSerializerOptions options, ReadStack& state, T& value, Boolean& isPopulatedValue)
   at System.Text.Json.Serialization.JsonConverter`1.ReadCore(Utf8JsonReader& reader, JsonSerializerOptions options, ReadStack& state)
   --- End of inner exception stack trace ---
   at System.Text.Json.ThrowHelper.ReThrowWithPath(ReadStack& state, Utf8JsonReader& reader, Exception ex)
   at System.Text.Json.Serialization.JsonConverter`1.ReadCore(Utf8JsonReader& reader, JsonSerializerOptions options, ReadStack& state)
   at System.Text.Json.JsonSerializer.ReadFromSpan[TValue](ReadOnlySpan`1 utf8Json, JsonTypeInfo`1 jsonTypeInfo, Nullable`1 actualByteCount)
   at System.Text.Json.JsonSerializer.ReadFromSpan[TValue](ReadOnlySpan`1 json, JsonTypeInfo`1 jsonTypeInfo)
   at System.Text.Json.JsonSerializer.Deserialize[TValue](String json, JsonSerializerOptions options)
   at CloverBridge.Services.CloverWebSocketService.HandleMessageAsync(String messageJson) in D:\DEVs\Clover2\windows\Services\CloverWebSocketService.cs:line 275
2026-01-15 23:40:33 [INF] Ventana minimizada a bandeja del sistema
2026-01-15 23:40:53 [INF] CloverBridge starting...
2026-01-15 23:40:53 [INF] Starting in UI mode
2026-01-15 23:40:53 [INF] Creating WPF application...
2026-01-15 23:40:53 [INF] Starting background services...
2026-01-15 23:40:53 [INF] Configuration loaded from D:\DEVs\Clover2\windows\bin\Release\net8.0-windows\win-x64\config.json
2026-01-15 23:40:53 [INF] Folders created/verified
2026-01-15 23:40:53 [INF] CloverWebSocketService starting
2026-01-15 23:40:53 [INF] Connecting to Clover at ws://10.1.1.53:12345/remote_pay
2026-01-15 23:40:53 [INF] Connection state changed to "Connecting"
2026-01-15 23:40:53 [INF] TransactionQueueService started
2026-01-15 23:40:53 [INF] InboxWatcher started, monitoring: D:\DEVs\Clover2\windows\bin\Release\net8.0-windows\win-x64\INBOX
2026-01-15 23:40:53 [INF] Found 0 existing files in inbox
2026-01-15 23:40:53 [INF] API Server started on http://127.0.0.1:3777/
2026-01-15 23:40:53 [INF] Application started. Press Ctrl+C to shut down.
2026-01-15 23:40:53 [INF] Hosting environment: Production
2026-01-15 23:40:53 [INF] Content root path: D:\DEVs\Clover2
2026-01-15 23:40:53 [INF] Connection state changed to "Connected"
2026-01-15 23:40:53 [INF] Connected to Clover
2026-01-15 23:40:53 [INF] Using existing auth token
2026-01-15 23:40:53 [INF] Connection state changed to "Paired"
2026-01-15 23:40:54 [INF] Services started, creating MainWindow...
2026-01-15 23:40:55 [INF] 锔 Configuraci贸n cargada:
2026-01-15 23:40:55 [INF] Host: 10.1.1.53:12345
2026-01-15 23:40:55 [INF] Secure: False
2026-01-15 23:40:55 [INF] Remote App ID: clover-bridge
2026-01-15 23:40:55 [INF] Estado de conexi贸n: Pareado
2026-01-15 23:40:55 [INF] Pairing completado exitosamente!
2026-01-15 23:40:55 [INF] CloverBridge UI iniciado
2026-01-15 23:40:55 [INF] Showing window and running application...
2026-01-15 23:40:58 [INF] Generando QR por $1000...
2026-01-15 23:40:58 [INF] New file detected: D:\DEVs\Clover2\windows\bin\Release\net8.0-windows\win-x64\INBOX\qr_20260115_234058_4393cdbea61b4018b1ff42583f917a3f.json
2026-01-15 23:40:58 [INF] Solicitud QR creada: qr_20260115_234058_4393cdbea61b4018b1ff42583f917a3f.json
2026-01-15 23:40:58 [INF]  Guardada en: D:\DEVs\Clover2\windows\bin\Release\net8.0-windows\win-x64\INBOX
2026-01-15 23:40:59 [INF] Processing file: D:\DEVs\Clover2\windows\bin\Release\net8.0-windows\win-x64\INBOX\qr_20260115_234058_4393cdbea61b4018b1ff42583f917a3f.json
2026-01-15 23:40:59 [INF] Response written: D:\DEVs\Clover2\windows\bin\Release\net8.0-windows\win-x64\OUTBOX\RES_2026-01-15_23-40-59_8eaff2b4-b136-4454-82b8-b207e53eb18a.json
2026-01-15 23:40:59 [INF] File archived: D:\DEVs\Clover2\windows\bin\Release\net8.0-windows\win-x64\ARCHIVE\processed\qr_20260115_234058_4393cdbea61b4018b1ff42583f917a3f.json
2026-01-15 23:40:59 [INF] File processed successfully: D:\DEVs\Clover2\windows\bin\Release\net8.0-windows\win-x64\INBOX\qr_20260115_234058_4393cdbea61b4018b1ff42583f917a3f.json
2026-01-15 23:42:14 [INF] CloverBridge starting...
2026-01-15 23:42:14 [INF] Starting in UI mode
2026-01-15 23:42:14 [INF] Creating WPF application...
2026-01-15 23:42:14 [INF] Starting background services...
2026-01-15 23:42:14 [INF] Configuration loaded from D:\DEVs\Clover2\windows\bin\Release\net8.0-windows\win-x64\config.json
2026-01-15 23:42:14 [INF] Folders created/verified
2026-01-15 23:42:14 [INF] CloverWebSocketService starting
2026-01-15 23:42:14 [INF] Connecting to Clover at ws://10.1.1.53:12345/remote_pay
2026-01-15 23:42:14 [INF] Connection state changed to "Connecting"
2026-01-15 23:42:14 [INF] TransactionQueueService started
2026-01-15 23:42:14 [INF] InboxWatcher started, monitoring: D:\DEVs\Clover2\windows\bin\Release\net8.0-windows\win-x64\INBOX
2026-01-15 23:42:14 [INF] Found 0 existing files in inbox
2026-01-15 23:42:14 [INF] API Server started on http://127.0.0.1:3777/
2026-01-15 23:42:14 [INF] Application started. Press Ctrl+C to shut down.
2026-01-15 23:42:14 [INF] Hosting environment: Production
2026-01-15 23:42:14 [INF] Content root path: D:\DEVs\Clover2
2026-01-15 23:42:15 [INF] Connection state changed to "Connected"
2026-01-15 23:42:15 [INF] Connected to Clover
2026-01-15 23:42:15 [INF] Using existing auth token
2026-01-15 23:42:15 [INF] Connection state changed to "Paired"
2026-01-15 23:42:16 [INF] Services started, creating MainWindow...
2026-01-15 23:42:16 [INF] 锔 Configuraci贸n cargada:
2026-01-15 23:42:16 [INF] Host: 10.1.1.53:12345
2026-01-15 23:42:16 [INF] Secure: False
2026-01-15 23:42:16 [INF] Remote App ID: clover-bridge
2026-01-15 23:42:16 [INF] Estado de conexi贸n: Pareado
2026-01-15 23:42:16 [INF] Pairing completado exitosamente!
2026-01-15 23:42:16 [INF] CloverBridge UI iniciado
2026-01-15 23:42:16 [INF] Showing window and running application...
2026-01-15 23:42:57 [INF] CloverBridge starting...
2026-01-15 23:42:57 [INF] Starting in UI mode
2026-01-15 23:42:57 [INF] Creating WPF application...
2026-01-15 23:42:57 [INF] Starting background services...
2026-01-15 23:42:57 [INF] Configuration loaded from D:\DEVs\Clover2\windows\bin\Release\net8.0-windows\win-x64\config.json
2026-01-15 23:42:57 [INF] Folders created/verified
2026-01-15 23:42:57 [INF] CloverWebSocketService starting
2026-01-15 23:42:57 [INF] Connecting to Clover at ws://10.1.1.53:12345/remote_pay
2026-01-15 23:42:57 [INF] Connection state changed to "Connecting"
2026-01-15 23:42:57 [INF] TransactionQueueService started
2026-01-15 23:42:57 [INF] InboxWatcher started, monitoring: D:\DEVs\Clover2\windows\bin\Release\net8.0-windows\win-x64\INBOX
2026-01-15 23:42:57 [INF] Found 0 existing files in inbox
2026-01-15 23:42:57 [INF] API Server started on http://127.0.0.1:3777/
2026-01-15 23:42:57 [INF] Application started. Press Ctrl+C to shut down.
2026-01-15 23:42:57 [INF] Hosting environment: Production
2026-01-15 23:42:57 [INF] Content root path: D:\DEVs\Clover2
2026-01-15 23:42:58 [INF] Connection state changed to "Connected"
2026-01-15 23:42:58 [INF] Connected to Clover
2026-01-15 23:42:58 [INF] Using existing auth token
2026-01-15 23:42:58 [INF] Connection state changed to "Paired"
2026-01-15 23:42:59 [INF] Services started, creating MainWindow...
2026-01-15 23:42:59 [INF] 锔 Configuraci贸n cargada:
2026-01-15 23:42:59 [INF] Host: 10.1.1.53:12345
2026-01-15 23:42:59 [INF] Secure: False
2026-01-15 23:42:59 [INF] Remote App ID: clover-bridge
2026-01-15 23:42:59 [INF] Estado de conexi贸n: Pareado
2026-01-15 23:42:59 [INF] Pairing completado exitosamente!
2026-01-15 23:42:59 [INF] CloverBridge UI iniciado
2026-01-15 23:42:59 [INF] Showing window and running application...
2026-01-15 23:43:07 [INF] Generando QR por $1000...
2026-01-15 23:43:07 [INF] New file detected: D:\DEVs\Clover2\windows\bin\Release\net8.0-windows\win-x64\INBOX\qr_20260115_234307_855cd56abb634ae9b61db4879fd4a51a.json
2026-01-15 23:43:07 [INF] Solicitud QR creada: qr_20260115_234307_855cd56abb634ae9b61db4879fd4a51a.json
2026-01-15 23:43:07 [INF]  Guardada en: D:\DEVs\Clover2\windows\bin\Release\net8.0-windows\win-x64\INBOX
2026-01-15 23:43:08 [INF] Processing file: D:\DEVs\Clover2\windows\bin\Release\net8.0-windows\win-x64\INBOX\qr_20260115_234307_855cd56abb634ae9b61db4879fd4a51a.json
2026-01-15 23:43:08 [INF] Response written: D:\DEVs\Clover2\windows\bin\Release\net8.0-windows\win-x64\OUTBOX\RES_2026-01-15_23-43-08_647ef10d-67e1-463e-a4f5-487b36bdd987.json
2026-01-15 23:43:08 [INF] File archived: D:\DEVs\Clover2\windows\bin\Release\net8.0-windows\win-x64\ARCHIVE\processed\qr_20260115_234307_855cd56abb634ae9b61db4879fd4a51a.json
2026-01-15 23:43:08 [INF] File processed successfully: D:\DEVs\Clover2\windows\bin\Release\net8.0-windows\win-x64\INBOX\qr_20260115_234307_855cd56abb634ae9b61db4879fd4a51a.json
2026-01-15 23:44:57 [INF]  Ventana ocultada. Usar systray para cerrar la aplicaci贸n.
2026-01-15 23:45:25 [INF] CloverBridge starting...
2026-01-15 23:45:25 [INF] Starting in console mode
2026-01-15 23:45:25 [INF] Configuration loaded from D:\DEVs\Clover2\windows\bin\Release\net8.0-windows\win-x64\config.json
2026-01-15 23:45:25 [INF] Folders created/verified
2026-01-15 23:45:25 [INF] CloverWebSocketService starting
2026-01-15 23:45:25 [INF] Connecting to Clover at ws://10.1.1.53:12345/remote_pay
2026-01-15 23:45:25 [INF] Connection state changed to "Connecting"
2026-01-15 23:45:25 [INF] TransactionQueueService started
2026-01-15 23:45:25 [INF] InboxWatcher started, monitoring: D:\DEVs\Clover2\windows\bin\Release\net8.0-windows\win-x64\INBOX
2026-01-15 23:45:25 [INF] Found 0 existing files in inbox
2026-01-15 23:45:25 [INF] API Server started on http://127.0.0.1:3777/
2026-01-15 23:45:25 [INF] Application started. Press Ctrl+C to shut down.
2026-01-15 23:45:25 [INF] Hosting environment: Production
2026-01-15 23:45:25 [INF] Content root path: D:\DEVs\Clover2\windows\bin\Release\net8.0-windows\win-x64
2026-01-15 23:45:25 [INF] Connection state changed to "Connected"
2026-01-15 23:45:25 [INF] Connected to Clover
2026-01-15 23:45:25 [INF] Using existing auth token
2026-01-15 23:45:25 [INF] Connection state changed to "Paired"
2026-01-15 23:46:30 [INF] CloverBridge starting...
2026-01-15 23:46:30 [INF] Starting in console mode
2026-01-15 23:46:30 [INF] Configuration loaded from D:\DEVs\Clover2\windows\bin\Release\net8.0-windows\win-x64\config.json
2026-01-15 23:46:30 [INF] Folders created/verified
2026-01-15 23:46:30 [INF] CloverWebSocketService starting
2026-01-15 23:46:30 [INF] Connecting to Clover at ws://10.1.1.53:12345/remote_pay
2026-01-15 23:46:30 [INF] Connection state changed to "Connecting"
2026-01-15 23:46:30 [INF] TransactionQueueService started
2026-01-15 23:46:30 [INF] InboxWatcher started, monitoring: D:\DEVs\Clover2\windows\bin\Release\net8.0-windows\win-x64\INBOX
2026-01-15 23:46:30 [INF] Found 0 existing files in inbox
2026-01-15 23:46:30 [INF] API Server started on http://127.0.0.1:3777/
2026-01-15 23:46:30 [INF] Application started. Press Ctrl+C to shut down.
2026-01-15 23:46:30 [INF] Hosting environment: Production
2026-01-15 23:46:30 [INF] Content root path: D:\DEVs\Clover2\windows\bin\Release\net8.0-windows\win-x64
2026-01-15 23:46:30 [INF] Connection state changed to "Connected"
2026-01-15 23:46:30 [INF] Connected to Clover
2026-01-15 23:46:30 [INF] Using existing auth token
2026-01-15 23:46:30 [INF] Connection state changed to "Paired"
2026-01-15 23:47:36 [INF] CloverBridge starting...
2026-01-15 23:47:36 [INF] Starting in console mode
2026-01-15 23:47:36 [INF] Configuration loaded from D:\DEVs\Clover2\windows\bin\Release\net8.0-windows\win-x64\config.json
2026-01-15 23:47:36 [INF] Folders created/verified
2026-01-15 23:47:36 [INF] CloverWebSocketService starting
2026-01-15 23:47:36 [INF] Connecting to Clover at ws://10.1.1.53:12345/remote_pay
2026-01-15 23:47:36 [INF] Connection state changed to "Connecting"
2026-01-15 23:47:36 [INF] TransactionQueueService started
2026-01-15 23:47:36 [INF] InboxWatcher started, monitoring: D:\DEVs\Clover2\windows\bin\Release\net8.0-windows\win-x64\INBOX
2026-01-15 23:47:36 [INF] Found 0 existing files in inbox
2026-01-15 23:47:36 [INF] API Server started on http://127.0.0.1:3777/
2026-01-15 23:47:36 [INF] Application started. Press Ctrl+C to shut down.
2026-01-15 23:47:36 [INF] Hosting environment: Production
2026-01-15 23:47:36 [INF] Content root path: D:\DEVs\Clover2\windows\bin\Release\net8.0-windows\win-x64
2026-01-15 23:47:36 [INF] Connection state changed to "Connected"
2026-01-15 23:47:36 [INF] Connected to Clover
2026-01-15 23:47:36 [INF] Using existing auth token
2026-01-15 23:47:36 [INF] Connection state changed to "Paired"
