2026-01-15 23:05:25 [INF] CloverBridge starting...
2026-01-15 23:05:25 [INF] Starting in UI mode
2026-01-15 23:05:25 [INF] Creating default configuration
2026-01-15 23:05:25 [INF] Configuration saved to D:\DEVs\Clover2\windows\bin\Debug\net8.0-windows\config.json
2026-01-15 23:05:25 [INF] Folders created/verified
2026-01-15 23:05:25 [INF] CloverWebSocketService starting
2026-01-15 23:05:25 [INF] Connecting to Clover at ws://10.1.1.53:12345/remote_pay
2026-01-15 23:05:25 [INF] Connection state changed to "Connecting"
2026-01-15 23:05:25 [INF] TransactionQueueService started
2026-01-15 23:05:25 [INF] InboxWatcher started, monitoring: D:\DEVs\Clover2\windows\bin\Debug\net8.0-windows\INBOX
2026-01-15 23:05:25 [INF] Found 0 existing files in inbox
2026-01-15 23:05:25 [INF] API Server started on http://127.0.0.1:3777/
2026-01-15 23:05:25 [INF] Application started. Press Ctrl+C to shut down.
2026-01-15 23:05:25 [INF] Hosting environment: Production
2026-01-15 23:05:25 [INF] Content root path: D:\DEVs\Clover2\windows
2026-01-15 23:05:25 [ERR] Error in WebSocket connection
System.Net.WebSockets.WebSocketException (0x80004005): Unable to connect to the remote server
 ---> System.Net.Http.HttpRequestException: An error occurred while sending the request.
 ---> System.Net.Http.HttpIOException: The response ended prematurely. (ResponseEnded)
   at System.Net.Http.HttpConnection.FillAsync(Boolean async)
   at System.Net.Http.HttpConnection.<FillForHeadersAsync>g__ReadUntilEndOfHeaderAsync|84_0(Boolean async)
   at System.Net.Http.HttpConnection.SendAsync(HttpRequestMessage request, Boolean async, CancellationToken cancellationToken)
   --- End of inner exception stack trace ---
   at System.Net.Http.HttpConnection.SendAsync(HttpRequestMessage request, Boolean async, CancellationToken cancellationToken)
   at System.Net.Http.HttpConnectionPool.SendWithVersionDetectionAndRetryAsync(HttpRequestMessage request, Boolean async, Boolean doRequestAuth, CancellationToken cancellationToken)
   at System.Net.Http.RedirectHandler.SendAsync(HttpRequestMessage request, Boolean async, CancellationToken cancellationToken)
   at System.Net.WebSockets.WebSocketHandle.ConnectAsync(Uri uri, HttpMessageInvoker invoker, CancellationToken cancellationToken, ClientWebSocketOptions options)
   at System.Net.WebSockets.WebSocketHandle.ConnectAsync(Uri uri, HttpMessageInvoker invoker, CancellationToken cancellationToken, ClientWebSocketOptions options)
   at System.Net.WebSockets.ClientWebSocket.ConnectAsyncCore(Uri uri, HttpMessageInvoker invoker, CancellationToken cancellationToken)
   at CloverBridge.Services.CloverWebSocketService.ConnectAsync(CancellationToken cancellationToken) in D:\DEVs\Clover2\windows\Services\CloverWebSocketService.cs:line 100
   at CloverBridge.Services.CloverWebSocketService.ExecuteAsync(CancellationToken stoppingToken) in D:\DEVs\Clover2\windows\Services\CloverWebSocketService.cs:line 44
2026-01-15 23:05:25 [INF] Connection state changed to "Error"
2026-01-15 23:05:25 [INF] Reconnect attempt 1/10
2026-01-15 23:05:26 [INF] Services started, launching UI...
2026-01-15 23:05:26 [INF] 锔 Configuraci贸n cargada:
2026-01-15 23:05:26 [INF] Host: 10.1.1.53:12345
2026-01-15 23:05:26 [INF] Secure: False
2026-01-15 23:05:26 [INF] Remote App ID: clover-bridge
2026-01-15 23:05:26 [INF] Estado de conexi贸n: Error de Conexi贸n
2026-01-15 23:05:26 [INF] No se puede conectar a 10.1.1.53:12345
2026-01-15 23:05:26 [INF] Verifique que:
2026-01-15 23:05:26 [INF] 1. El terminal Clover est茅 encendido
2026-01-15 23:05:26 [INF] 2. Est茅 en la misma red que este PC
2026-01-15 23:05:26 [INF] 3. Network Pay Display est茅 habilitado
2026-01-15 23:05:26 [INF] 4. La IP y puerto sean correctos
2026-01-15 23:05:26 [INF] CloverBridge UI iniciado
2026-01-15 23:05:31 [INF] Connecting to Clover at ws://10.1.1.53:12345/remote_pay
2026-01-15 23:05:31 [INF] Connection state changed to "Connecting"
2026-01-15 23:05:31 [INF] Estado de conexi贸n: Conectando...
2026-01-15 23:05:32 [ERR] Error in WebSocket connection
System.Net.WebSockets.WebSocketException (0x80004005): Unable to connect to the remote server
 ---> System.Net.Http.HttpRequestException: An error occurred while sending the request.
 ---> System.Net.Http.HttpIOException: The response ended prematurely. (ResponseEnded)
   at System.Net.Http.HttpConnection.FillAsync(Boolean async)
   at System.Net.Http.HttpConnection.<FillForHeadersAsync>g__ReadUntilEndOfHeaderAsync|84_0(Boolean async)
   at System.Net.Http.HttpConnection.SendAsync(HttpRequestMessage request, Boolean async, CancellationToken cancellationToken)
   --- End of inner exception stack trace ---
   at System.Net.Http.HttpConnection.SendAsync(HttpRequestMessage request, Boolean async, CancellationToken cancellationToken)
   at System.Net.Http.HttpConnectionPool.SendWithVersionDetectionAndRetryAsync(HttpRequestMessage request, Boolean async, Boolean doRequestAuth, CancellationToken cancellationToken)
   at System.Net.Http.RedirectHandler.SendAsync(HttpRequestMessage request, Boolean async, CancellationToken cancellationToken)
   at System.Net.WebSockets.WebSocketHandle.ConnectAsync(Uri uri, HttpMessageInvoker invoker, CancellationToken cancellationToken, ClientWebSocketOptions options)
   at System.Net.WebSockets.WebSocketHandle.ConnectAsync(Uri uri, HttpMessageInvoker invoker, CancellationToken cancellationToken, ClientWebSocketOptions options)
   at System.Net.WebSockets.ClientWebSocket.ConnectAsyncCore(Uri uri, HttpMessageInvoker invoker, CancellationToken cancellationToken)
   at CloverBridge.Services.CloverWebSocketService.ConnectAsync(CancellationToken cancellationToken) in D:\DEVs\Clover2\windows\Services\CloverWebSocketService.cs:line 100
   at CloverBridge.Services.CloverWebSocketService.ExecuteAsync(CancellationToken stoppingToken) in D:\DEVs\Clover2\windows\Services\CloverWebSocketService.cs:line 44
2026-01-15 23:05:32 [INF] Connection state changed to "Error"
2026-01-15 23:05:32 [INF] Estado de conexi贸n: Error de Conexi贸n
2026-01-15 23:05:32 [INF] No se puede conectar a 10.1.1.53:12345
2026-01-15 23:05:32 [INF] Verifique que:
2026-01-15 23:05:32 [INF] 1. El terminal Clover est茅 encendido
2026-01-15 23:05:32 [INF] 2. Est茅 en la misma red que este PC
2026-01-15 23:05:32 [INF] 3. Network Pay Display est茅 habilitado
2026-01-15 23:05:32 [INF] 4. La IP y puerto sean correctos
2026-01-15 23:05:32 [INF] Reconnect attempt 2/10
2026-01-15 23:05:37 [INF] Connecting to Clover at ws://10.1.1.53:12345/remote_pay
2026-01-15 23:05:37 [INF] Connection state changed to "Connecting"
2026-01-15 23:05:37 [INF] Estado de conexi贸n: Conectando...
2026-01-15 23:05:38 [ERR] Error in WebSocket connection
System.Net.WebSockets.WebSocketException (0x80004005): Unable to connect to the remote server
 ---> System.Net.Http.HttpRequestException: An error occurred while sending the request.
 ---> System.Net.Http.HttpIOException: The response ended prematurely. (ResponseEnded)
   at System.Net.Http.HttpConnection.FillAsync(Boolean async)
   at System.Net.Http.HttpConnection.<FillForHeadersAsync>g__ReadUntilEndOfHeaderAsync|84_0(Boolean async)
   at System.Net.Http.HttpConnection.SendAsync(HttpRequestMessage request, Boolean async, CancellationToken cancellationToken)
   --- End of inner exception stack trace ---
   at System.Net.Http.HttpConnection.SendAsync(HttpRequestMessage request, Boolean async, CancellationToken cancellationToken)
   at System.Net.Http.HttpConnectionPool.SendWithVersionDetectionAndRetryAsync(HttpRequestMessage request, Boolean async, Boolean doRequestAuth, CancellationToken cancellationToken)
   at System.Net.Http.RedirectHandler.SendAsync(HttpRequestMessage request, Boolean async, CancellationToken cancellationToken)
   at System.Net.WebSockets.WebSocketHandle.ConnectAsync(Uri uri, HttpMessageInvoker invoker, CancellationToken cancellationToken, ClientWebSocketOptions options)
   at System.Net.WebSockets.WebSocketHandle.ConnectAsync(Uri uri, HttpMessageInvoker invoker, CancellationToken cancellationToken, ClientWebSocketOptions options)
   at System.Net.WebSockets.ClientWebSocket.ConnectAsyncCore(Uri uri, HttpMessageInvoker invoker, CancellationToken cancellationToken)
   at CloverBridge.Services.CloverWebSocketService.ConnectAsync(CancellationToken cancellationToken) in D:\DEVs\Clover2\windows\Services\CloverWebSocketService.cs:line 100
   at CloverBridge.Services.CloverWebSocketService.ExecuteAsync(CancellationToken stoppingToken) in D:\DEVs\Clover2\windows\Services\CloverWebSocketService.cs:line 44
2026-01-15 23:05:38 [INF] Connection state changed to "Error"
2026-01-15 23:05:38 [INF] Estado de conexi贸n: Error de Conexi贸n
2026-01-15 23:05:38 [INF] No se puede conectar a 10.1.1.53:12345
2026-01-15 23:05:38 [INF] Verifique que:
2026-01-15 23:05:38 [INF] 1. El terminal Clover est茅 encendido
2026-01-15 23:05:38 [INF] 2. Est茅 en la misma red que este PC
2026-01-15 23:05:38 [INF] 3. Network Pay Display est茅 habilitado
2026-01-15 23:05:38 [INF] 4. La IP y puerto sean correctos
2026-01-15 23:05:38 [INF] Reconnect attempt 3/10
2026-01-15 23:05:43 [INF] Connecting to Clover at ws://10.1.1.53:12345/remote_pay
2026-01-15 23:05:43 [INF] Connection state changed to "Connecting"
2026-01-15 23:05:43 [INF] Estado de conexi贸n: Conectando...
2026-01-15 23:05:44 [ERR] Error in WebSocket connection
System.Net.WebSockets.WebSocketException (0x80004005): Unable to connect to the remote server
 ---> System.Net.Http.HttpRequestException: An error occurred while sending the request.
 ---> System.Net.Http.HttpIOException: The response ended prematurely. (ResponseEnded)
   at System.Net.Http.HttpConnection.FillAsync(Boolean async)
   at System.Net.Http.HttpConnection.<FillForHeadersAsync>g__ReadUntilEndOfHeaderAsync|84_0(Boolean async)
   at System.Net.Http.HttpConnection.SendAsync(HttpRequestMessage request, Boolean async, CancellationToken cancellationToken)
   --- End of inner exception stack trace ---
   at System.Net.Http.HttpConnection.SendAsync(HttpRequestMessage request, Boolean async, CancellationToken cancellationToken)
   at System.Net.Http.HttpConnectionPool.SendWithVersionDetectionAndRetryAsync(HttpRequestMessage request, Boolean async, Boolean doRequestAuth, CancellationToken cancellationToken)
   at System.Net.Http.RedirectHandler.SendAsync(HttpRequestMessage request, Boolean async, CancellationToken cancellationToken)
   at System.Net.WebSockets.WebSocketHandle.ConnectAsync(Uri uri, HttpMessageInvoker invoker, CancellationToken cancellationToken, ClientWebSocketOptions options)
   at System.Net.WebSockets.WebSocketHandle.ConnectAsync(Uri uri, HttpMessageInvoker invoker, CancellationToken cancellationToken, ClientWebSocketOptions options)
   at System.Net.WebSockets.ClientWebSocket.ConnectAsyncCore(Uri uri, HttpMessageInvoker invoker, CancellationToken cancellationToken)
   at CloverBridge.Services.CloverWebSocketService.ConnectAsync(CancellationToken cancellationToken) in D:\DEVs\Clover2\windows\Services\CloverWebSocketService.cs:line 100
   at CloverBridge.Services.CloverWebSocketService.ExecuteAsync(CancellationToken stoppingToken) in D:\DEVs\Clover2\windows\Services\CloverWebSocketService.cs:line 44
2026-01-15 23:05:44 [INF] Connection state changed to "Error"
2026-01-15 23:05:44 [INF] Estado de conexi贸n: Error de Conexi贸n
2026-01-15 23:05:44 [INF] No se puede conectar a 10.1.1.53:12345
2026-01-15 23:05:44 [INF] Verifique que:
2026-01-15 23:05:44 [INF] 1. El terminal Clover est茅 encendido
2026-01-15 23:05:44 [INF] 2. Est茅 en la misma red que este PC
2026-01-15 23:05:44 [INF] 3. Network Pay Display est茅 habilitado
2026-01-15 23:05:44 [INF] 4. La IP y puerto sean correctos
2026-01-15 23:05:44 [INF] Reconnect attempt 4/10
2026-01-15 23:05:49 [INF] Connecting to Clover at ws://10.1.1.53:12345/remote_pay
2026-01-15 23:05:49 [INF] Connection state changed to "Connecting"
2026-01-15 23:05:49 [INF] Estado de conexi贸n: Conectando...
2026-01-15 23:05:50 [ERR] Error in WebSocket connection
System.Net.WebSockets.WebSocketException (0x80004005): Unable to connect to the remote server
 ---> System.Net.Http.HttpRequestException: An error occurred while sending the request.
 ---> System.Net.Http.HttpIOException: The response ended prematurely. (ResponseEnded)
   at System.Net.Http.HttpConnection.FillAsync(Boolean async)
   at System.Net.Http.HttpConnection.<FillForHeadersAsync>g__ReadUntilEndOfHeaderAsync|84_0(Boolean async)
   at System.Net.Http.HttpConnection.SendAsync(HttpRequestMessage request, Boolean async, CancellationToken cancellationToken)
   --- End of inner exception stack trace ---
   at System.Net.Http.HttpConnection.SendAsync(HttpRequestMessage request, Boolean async, CancellationToken cancellationToken)
   at System.Net.Http.HttpConnectionPool.SendWithVersionDetectionAndRetryAsync(HttpRequestMessage request, Boolean async, Boolean doRequestAuth, CancellationToken cancellationToken)
   at System.Net.Http.RedirectHandler.SendAsync(HttpRequestMessage request, Boolean async, CancellationToken cancellationToken)
   at System.Net.WebSockets.WebSocketHandle.ConnectAsync(Uri uri, HttpMessageInvoker invoker, CancellationToken cancellationToken, ClientWebSocketOptions options)
   at System.Net.WebSockets.WebSocketHandle.ConnectAsync(Uri uri, HttpMessageInvoker invoker, CancellationToken cancellationToken, ClientWebSocketOptions options)
   at System.Net.WebSockets.ClientWebSocket.ConnectAsyncCore(Uri uri, HttpMessageInvoker invoker, CancellationToken cancellationToken)
   at CloverBridge.Services.CloverWebSocketService.ConnectAsync(CancellationToken cancellationToken) in D:\DEVs\Clover2\windows\Services\CloverWebSocketService.cs:line 100
   at CloverBridge.Services.CloverWebSocketService.ExecuteAsync(CancellationToken stoppingToken) in D:\DEVs\Clover2\windows\Services\CloverWebSocketService.cs:line 44
2026-01-15 23:05:50 [INF] Connection state changed to "Error"
2026-01-15 23:05:50 [INF] Estado de conexi贸n: Error de Conexi贸n
2026-01-15 23:05:50 [INF] No se puede conectar a 10.1.1.53:12345
2026-01-15 23:05:50 [INF] Verifique que:
2026-01-15 23:05:50 [INF] 1. El terminal Clover est茅 encendido
2026-01-15 23:05:50 [INF] 2. Est茅 en la misma red que este PC
2026-01-15 23:05:50 [INF] 3. Network Pay Display est茅 habilitado
2026-01-15 23:05:50 [INF] 4. La IP y puerto sean correctos
2026-01-15 23:05:50 [INF] Reconnect attempt 5/10
2026-01-15 23:05:55 [INF] Connecting to Clover at ws://10.1.1.53:12345/remote_pay
2026-01-15 23:05:55 [INF] Connection state changed to "Connecting"
2026-01-15 23:05:55 [INF] Estado de conexi贸n: Conectando...
2026-01-15 23:05:56 [ERR] Error in WebSocket connection
System.Net.WebSockets.WebSocketException (0x80004005): Unable to connect to the remote server
 ---> System.Net.Http.HttpRequestException: An error occurred while sending the request.
 ---> System.Net.Http.HttpIOException: The response ended prematurely. (ResponseEnded)
   at System.Net.Http.HttpConnection.FillAsync(Boolean async)
   at System.Net.Http.HttpConnection.<FillForHeadersAsync>g__ReadUntilEndOfHeaderAsync|84_0(Boolean async)
   at System.Net.Http.HttpConnection.SendAsync(HttpRequestMessage request, Boolean async, CancellationToken cancellationToken)
   --- End of inner exception stack trace ---
   at System.Net.Http.HttpConnection.SendAsync(HttpRequestMessage request, Boolean async, CancellationToken cancellationToken)
   at System.Net.Http.HttpConnectionPool.SendWithVersionDetectionAndRetryAsync(HttpRequestMessage request, Boolean async, Boolean doRequestAuth, CancellationToken cancellationToken)
   at System.Net.Http.RedirectHandler.SendAsync(HttpRequestMessage request, Boolean async, CancellationToken cancellationToken)
   at System.Net.WebSockets.WebSocketHandle.ConnectAsync(Uri uri, HttpMessageInvoker invoker, CancellationToken cancellationToken, ClientWebSocketOptions options)
   at System.Net.WebSockets.WebSocketHandle.ConnectAsync(Uri uri, HttpMessageInvoker invoker, CancellationToken cancellationToken, ClientWebSocketOptions options)
   at System.Net.WebSockets.ClientWebSocket.ConnectAsyncCore(Uri uri, HttpMessageInvoker invoker, CancellationToken cancellationToken)
   at CloverBridge.Services.CloverWebSocketService.ConnectAsync(CancellationToken cancellationToken) in D:\DEVs\Clover2\windows\Services\CloverWebSocketService.cs:line 100
   at CloverBridge.Services.CloverWebSocketService.ExecuteAsync(CancellationToken stoppingToken) in D:\DEVs\Clover2\windows\Services\CloverWebSocketService.cs:line 44
2026-01-15 23:05:56 [INF] Connection state changed to "Error"
2026-01-15 23:05:56 [INF] Estado de conexi贸n: Error de Conexi贸n
2026-01-15 23:05:56 [INF] No se puede conectar a 10.1.1.53:12345
2026-01-15 23:05:56 [INF] Verifique que:
2026-01-15 23:05:56 [INF] 1. El terminal Clover est茅 encendido
2026-01-15 23:05:56 [INF] 2. Est茅 en la misma red que este PC
2026-01-15 23:05:56 [INF] 3. Network Pay Display est茅 habilitado
2026-01-15 23:05:56 [INF] 4. La IP y puerto sean correctos
2026-01-15 23:05:56 [INF] Reconnect attempt 6/10
2026-01-15 23:06:00 [INF] Configuration saved to D:\DEVs\Clover2\windows\bin\Debug\net8.0-windows\config.json
2026-01-15 23:06:00 [INF] Configuraci贸n guardada exitosamente
2026-01-15 23:06:00 [INF] Nueva configuraci贸n: 10.1.1.53:12345
2026-01-15 23:06:01 [INF] Connecting to Clover at wss://10.1.1.53:12345/remote_pay
2026-01-15 23:06:01 [INF] Connection state changed to "Connecting"
2026-01-15 23:06:01 [INF] Estado de conexi贸n: Conectando...
2026-01-15 23:06:02 [WRN] SSL certificate validation failed: "RemoteCertificateChainErrors"
2026-01-15 23:06:02 [INF] Connection state changed to "Connected"
2026-01-15 23:06:02 [INF] Estado de conexi贸n: Conectado
2026-01-15 23:06:02 [INF] Connected to Clover
2026-01-15 23:06:02 [INF] Connection state changed to "PairingRequired"
2026-01-15 23:06:02 [INF] Estado de conexi贸n: Pairing Requerido
2026-01-15 23:06:02 [INF] Pairing request sent
2026-01-15 23:07:23 [INF] UI closed, stopping services...
2026-01-15 23:07:23 [INF] Application is shutting down...
2026-01-15 23:07:53 [ERR] Error processing transaction
System.Threading.Tasks.TaskCanceledException: A task was canceled.
   at CloverBridge.Services.TransactionQueueService.ExecuteAsync(CancellationToken stoppingToken) in D:\DEVs\Clover2\windows\Services\TransactionQueueService.cs:line 46
2026-01-15 23:07:53 [INF] TransactionQueueService stopped
2026-01-15 23:08:20 [INF] CloverBridge starting...
2026-01-15 23:08:20 [INF] Starting in UI mode
2026-01-15 23:08:20 [INF] Configuration loaded from D:\DEVs\Clover2\windows\bin\Debug\net8.0-windows\config.json
2026-01-15 23:08:20 [INF] Folders created/verified
2026-01-15 23:08:20 [INF] CloverWebSocketService starting
2026-01-15 23:08:20 [INF] Connecting to Clover at wss://10.1.1.53:12345/remote_pay
2026-01-15 23:08:20 [INF] Connection state changed to "Connecting"
2026-01-15 23:08:20 [INF] TransactionQueueService started
2026-01-15 23:08:20 [INF] InboxWatcher started, monitoring: D:\DEVs\Clover2\windows\bin\Debug\net8.0-windows\INBOX
2026-01-15 23:08:20 [INF] Found 0 existing files in inbox
2026-01-15 23:08:20 [INF] API Server started on http://127.0.0.1:3777/
2026-01-15 23:08:20 [INF] Application started. Press Ctrl+C to shut down.
2026-01-15 23:08:20 [INF] Hosting environment: Production
2026-01-15 23:08:20 [INF] Content root path: D:\DEVs\Clover2
2026-01-15 23:08:21 [WRN] SSL certificate validation failed: "RemoteCertificateChainErrors"
2026-01-15 23:08:21 [INF] Connection state changed to "Connected"
2026-01-15 23:08:21 [INF] Connected to Clover
2026-01-15 23:08:21 [INF] Connection state changed to "PairingRequired"
2026-01-15 23:08:21 [INF] Pairing request sent
2026-01-15 23:08:21 [INF] Services started, launching UI...
2026-01-15 23:08:21 [INF] 锔 Configuraci贸n cargada:
2026-01-15 23:08:21 [INF] Host: 10.1.1.53:12345
2026-01-15 23:08:21 [INF] Secure: True
2026-01-15 23:08:21 [INF] Remote App ID: clover-bridge
2026-01-15 23:08:21 [INF] Estado de conexi贸n: Pairing Requerido
2026-01-15 23:08:21 [INF] CloverBridge UI iniciado
2026-01-15 23:09:33 [INF] UI closed, stopping services...
2026-01-15 23:09:33 [INF] Application is shutting down...
2026-01-15 23:16:18 [INF] CloverBridge starting...
2026-01-15 23:16:18 [INF] Starting in UI mode
2026-01-15 23:16:18 [INF] Configuration loaded from D:\DEVs\Clover2\windows\bin\Debug\net8.0-windows\config.json
2026-01-15 23:16:18 [INF] Folders created/verified
2026-01-15 23:16:18 [INF] CloverWebSocketService starting
2026-01-15 23:16:18 [INF] Connecting to Clover at wss://10.1.1.53:12345/remote_pay
2026-01-15 23:16:18 [INF] Connection state changed to "Connecting"
2026-01-15 23:16:18 [INF] TransactionQueueService started
2026-01-15 23:16:18 [INF] InboxWatcher started, monitoring: D:\DEVs\Clover2\windows\bin\Debug\net8.0-windows\INBOX
2026-01-15 23:16:18 [INF] Found 0 existing files in inbox
2026-01-15 23:16:18 [INF] API Server started on http://127.0.0.1:3777/
2026-01-15 23:16:18 [INF] Application started. Press Ctrl+C to shut down.
2026-01-15 23:16:18 [INF] Hosting environment: Production
2026-01-15 23:16:18 [INF] Content root path: D:\DEVs\Clover2\windows
2026-01-15 23:16:18 [WRN] SSL certificate validation failed: "RemoteCertificateChainErrors"
2026-01-15 23:16:18 [INF] Connection state changed to "Connected"
2026-01-15 23:16:18 [INF] Connected to Clover
2026-01-15 23:16:18 [INF] Connection state changed to "PairingRequired"
2026-01-15 23:16:18 [INF] Pairing request sent
2026-01-15 23:16:19 [INF] Services started, launching UI...
2026-01-15 23:16:19 [INF] 锔 Configuraci贸n cargada:
2026-01-15 23:16:19 [INF] Host: 10.1.1.53:12345
2026-01-15 23:16:19 [INF] Secure: True
2026-01-15 23:16:19 [INF] Remote App ID: clover-bridge
2026-01-15 23:16:19 [INF] Estado de conexi贸n: Pairing Requerido
2026-01-15 23:16:19 [INF] CloverBridge UI iniciado
2026-01-15 23:16:23 [INF] Iniciando proceso de pairing...
2026-01-15 23:16:23 [INF]  Forzando nuevo pairing...
2026-01-15 23:16:23 [INF] WebSocket closed by server
2026-01-15 23:16:23 [INF] Connecting to Clover at wss://10.1.1.53:12345/remote_pay
2026-01-15 23:16:23 [INF] Connection state changed to "Connecting"
2026-01-15 23:16:23 [INF] Estado de conexi贸n: Conectando...
2026-01-15 23:16:23 [INF] Connection state changed to "Disconnected"
2026-01-15 23:16:23 [INF] Estado de conexi贸n: Desconectado
2026-01-15 23:16:23 [WRN] SSL certificate validation failed: "RemoteCertificateChainErrors"
2026-01-15 23:16:23 [ERR] Error in WebSocket connection
System.ObjectDisposedException: Cannot access a disposed object.
Object name: 'System.Net.WebSockets.ClientWebSocket'.
   at System.Net.WebSockets.ClientWebSocket.ConnectAsyncCore(Uri uri, HttpMessageInvoker invoker, CancellationToken cancellationToken)
   at CloverBridge.Services.CloverWebSocketService.ConnectAsync(CancellationToken cancellationToken) in D:\DEVs\Clover2\windows\Services\CloverWebSocketService.cs:line 100
   at CloverBridge.Services.CloverWebSocketService.ExecuteAsync(CancellationToken stoppingToken) in D:\DEVs\Clover2\windows\Services\CloverWebSocketService.cs:line 44
2026-01-15 23:16:23 [INF] Connection state changed to "Error"
2026-01-15 23:16:23 [INF] Estado de conexi贸n: Error de Conexi贸n
2026-01-15 23:16:23 [INF] No se puede conectar a 10.1.1.53:12345
2026-01-15 23:16:23 [INF] Verifique que:
2026-01-15 23:16:23 [INF] 1. El terminal Clover est茅 encendido
2026-01-15 23:16:23 [INF] 2. Est茅 en la misma red que este PC
2026-01-15 23:16:23 [INF] 3. Network Pay Display est茅 habilitado
2026-01-15 23:16:23 [INF] 4. La IP y puerto sean correctos
2026-01-15 23:16:23 [INF] Reconnect attempt 1/10
2026-01-15 23:16:24 [INF] Reconectando a 10.1.1.53:12345...
2026-01-15 23:16:24 [INF] Solicitud de pairing enviada
2026-01-15 23:16:28 [INF] Connecting to Clover at wss://10.1.1.53:12345/remote_pay
2026-01-15 23:16:28 [INF] Connection state changed to "Connecting"
2026-01-15 23:16:28 [INF] Estado de conexi贸n: Conectando...
2026-01-15 23:16:29 [WRN] SSL certificate validation failed: "RemoteCertificateChainErrors"
2026-01-15 23:16:29 [INF] Connection state changed to "Connected"
2026-01-15 23:16:29 [INF] Estado de conexi贸n: Conectado
2026-01-15 23:16:29 [INF] Connected to Clover
2026-01-15 23:16:29 [INF] Connection state changed to "PairingRequired"
2026-01-15 23:16:29 [INF] Estado de conexi贸n: Pairing Requerido
2026-01-15 23:16:29 [INF] Pairing request sent
2026-01-15 23:16:35 [INF] Iniciando proceso de pairing...
2026-01-15 23:16:35 [INF]  Forzando nuevo pairing...
2026-01-15 23:16:35 [INF] WebSocket closed by server
2026-01-15 23:16:35 [INF] Connection state changed to "Disconnected"
2026-01-15 23:16:35 [INF] Connecting to Clover at wss://10.1.1.53:12345/remote_pay
2026-01-15 23:16:35 [INF] Connection state changed to "Connecting"
2026-01-15 23:16:35 [INF] Estado de conexi贸n: Desconectado
2026-01-15 23:16:35 [INF] Estado de conexi贸n: Conectando...
2026-01-15 23:16:36 [WRN] SSL certificate validation failed: "RemoteCertificateChainErrors"
2026-01-15 23:16:36 [INF] Connection state changed to "Connected"
2026-01-15 23:16:36 [INF] Estado de conexi贸n: Conectado
2026-01-15 23:16:36 [INF] Connected to Clover
2026-01-15 23:16:36 [INF] Connection state changed to "PairingRequired"
2026-01-15 23:16:36 [INF] Estado de conexi贸n: Pairing Requerido
2026-01-15 23:16:36 [INF] Pairing request sent
2026-01-15 23:16:36 [INF] Reconectando a 10.1.1.53:12345...
2026-01-15 23:16:36 [INF] Solicitud de pairing enviada
2026-01-15 23:17:20 [INF] Ventana minimizada a bandeja del sistema
2026-01-15 23:20:57 [INF] CloverBridge starting...
2026-01-15 23:20:57 [INF] Starting in UI mode
2026-01-15 23:20:57 [INF] Configuration loaded from D:\DEVs\Clover2\windows\bin\Debug\net8.0-windows\config.json
2026-01-15 23:20:57 [INF] Folders created/verified
2026-01-15 23:20:57 [INF] CloverWebSocketService starting
2026-01-15 23:20:57 [INF] Connecting to Clover at wss://10.1.1.53:12345/remote_pay
2026-01-15 23:20:57 [INF] Connection state changed to "Connecting"
2026-01-15 23:20:57 [INF] TransactionQueueService started
2026-01-15 23:20:57 [INF] InboxWatcher started, monitoring: D:\DEVs\Clover2\windows\bin\Debug\net8.0-windows\INBOX
2026-01-15 23:20:57 [INF] Found 0 existing files in inbox
2026-01-15 23:20:57 [INF] API Server started on http://127.0.0.1:3777/
2026-01-15 23:20:57 [INF] Application started. Press Ctrl+C to shut down.
2026-01-15 23:20:57 [INF] Hosting environment: Production
2026-01-15 23:20:57 [INF] Content root path: D:\DEVs\Clover2\windows
2026-01-15 23:20:57 [WRN] SSL certificate validation failed: "RemoteCertificateChainErrors"
2026-01-15 23:20:57 [INF] Connection state changed to "Connected"
2026-01-15 23:20:57 [INF] Connected to Clover
2026-01-15 23:20:57 [INF] No auth token found, requesting pairing
2026-01-15 23:20:57 [INF] Connection state changed to "PairingRequired"
2026-01-15 23:20:57 [INF] Sending pairing request: {"RemoteApplicationId":"clover-bridge","PosName":"ERP Bridge","SerialNumber":"CB-001","$type":"PairingRequest"}
2026-01-15 23:20:57 [INF] Pairing request sent successfully
2026-01-15 23:20:58 [INF] Services started, launching UI...
2026-01-15 23:20:58 [INF] 锔 Configuraci贸n cargada:
2026-01-15 23:20:58 [INF] Host: 10.1.1.53:12345
2026-01-15 23:20:58 [INF] Secure: True
2026-01-15 23:20:58 [INF] Remote App ID: clover-bridge
2026-01-15 23:20:58 [INF] Estado de conexi贸n: Pairing Requerido
2026-01-15 23:20:58 [INF] CloverBridge UI iniciado
2026-01-15 23:21:04 [INF] Iniciando proceso de pairing...
2026-01-15 23:21:04 [INF]  Forzando nuevo pairing...
2026-01-15 23:21:05 [INF] WebSocket closed by server
2026-01-15 23:21:05 [INF] Connecting to Clover at wss://10.1.1.53:12345/remote_pay
2026-01-15 23:21:05 [INF] Connection state changed to "Connecting"
2026-01-15 23:21:05 [INF] Estado de conexi贸n: Conectando...
2026-01-15 23:21:05 [INF] Connection state changed to "Disconnected"
2026-01-15 23:21:05 [INF] Estado de conexi贸n: Desconectado
2026-01-15 23:21:05 [WRN] SSL certificate validation failed: "RemoteCertificateChainErrors"
2026-01-15 23:21:05 [ERR] Error in WebSocket connection
System.ObjectDisposedException: Cannot access a disposed object.
Object name: 'System.Net.WebSockets.ClientWebSocket'.
   at System.Net.WebSockets.ClientWebSocket.ConnectAsyncCore(Uri uri, HttpMessageInvoker invoker, CancellationToken cancellationToken)
   at CloverBridge.Services.CloverWebSocketService.ConnectAsync(CancellationToken cancellationToken) in D:\DEVs\Clover2\windows\Services\CloverWebSocketService.cs:line 100
   at CloverBridge.Services.CloverWebSocketService.ExecuteAsync(CancellationToken stoppingToken) in D:\DEVs\Clover2\windows\Services\CloverWebSocketService.cs:line 44
2026-01-15 23:21:05 [INF] Connection state changed to "Error"
2026-01-15 23:21:05 [INF] Estado de conexi贸n: Error de Conexi贸n
2026-01-15 23:21:05 [INF] No se puede conectar a 10.1.1.53:12345
2026-01-15 23:21:05 [INF] Verifique que:
2026-01-15 23:21:05 [INF] 1. El terminal Clover est茅 encendido
2026-01-15 23:21:05 [INF] 2. Est茅 en la misma red que este PC
2026-01-15 23:21:05 [INF] 3. Network Pay Display est茅 habilitado
2026-01-15 23:21:05 [INF] 4. La IP y puerto sean correctos
2026-01-15 23:21:05 [INF] Reconnect attempt 1/10
2026-01-15 23:21:06 [INF] Reconectando a 10.1.1.53:12345...
2026-01-15 23:21:06 [INF] Solicitud de pairing enviada
2026-01-15 23:21:10 [INF] Connecting to Clover at wss://10.1.1.53:12345/remote_pay
2026-01-15 23:21:10 [INF] Connection state changed to "Connecting"
2026-01-15 23:21:10 [INF] Estado de conexi贸n: Conectando...
2026-01-15 23:21:10 [WRN] SSL certificate validation failed: "RemoteCertificateChainErrors"
2026-01-15 23:21:11 [INF] Connection state changed to "Connected"
2026-01-15 23:21:11 [INF] Estado de conexi贸n: Conectado
2026-01-15 23:21:11 [INF] Connected to Clover
2026-01-15 23:21:11 [INF] No auth token found, requesting pairing
2026-01-15 23:21:11 [INF] Connection state changed to "PairingRequired"
2026-01-15 23:21:11 [INF] Estado de conexi贸n: Pairing Requerido
2026-01-15 23:21:11 [INF] Sending pairing request: {"RemoteApplicationId":"clover-bridge","PosName":"ERP Bridge","SerialNumber":"CB-001","$type":"PairingRequest"}
2026-01-15 23:21:11 [INF] Pairing request sent successfully
2026-01-15 23:21:15 [INF] Configuration saved to D:\DEVs\Clover2\windows\bin\Debug\net8.0-windows\config.json
2026-01-15 23:21:15 [INF] Configuraci贸n guardada exitosamente
2026-01-15 23:21:15 [INF] Nueva configuraci贸n: 10.1.1.53:12345
2026-01-15 23:21:19 [INF] WebSocket closed by server
2026-01-15 23:21:19 [INF] Connecting to Clover at ws://10.1.1.53:12345/remote_pay
2026-01-15 23:21:19 [INF] Connection state changed to "Connecting"
2026-01-15 23:21:19 [INF] Estado de conexi贸n: Conectando...
2026-01-15 23:21:20 [ERR] Error in WebSocket connection
System.Net.WebSockets.WebSocketException (0x80004005): Unable to connect to the remote server
 ---> System.Net.Http.HttpRequestException: An error occurred while sending the request.
 ---> System.Net.Http.HttpIOException: The response ended prematurely. (ResponseEnded)
   at System.Net.Http.HttpConnection.FillAsync(Boolean async)
   at System.Net.Http.HttpConnection.<FillForHeadersAsync>g__ReadUntilEndOfHeaderAsync|84_0(Boolean async)
   at System.Net.Http.HttpConnection.SendAsync(HttpRequestMessage request, Boolean async, CancellationToken cancellationToken)
   --- End of inner exception stack trace ---
   at System.Net.Http.HttpConnection.SendAsync(HttpRequestMessage request, Boolean async, CancellationToken cancellationToken)
   at System.Net.Http.HttpConnectionPool.SendWithVersionDetectionAndRetryAsync(HttpRequestMessage request, Boolean async, Boolean doRequestAuth, CancellationToken cancellationToken)
   at System.Net.Http.RedirectHandler.SendAsync(HttpRequestMessage request, Boolean async, CancellationToken cancellationToken)
   at System.Net.WebSockets.WebSocketHandle.ConnectAsync(Uri uri, HttpMessageInvoker invoker, CancellationToken cancellationToken, ClientWebSocketOptions options)
   at System.Net.WebSockets.WebSocketHandle.ConnectAsync(Uri uri, HttpMessageInvoker invoker, CancellationToken cancellationToken, ClientWebSocketOptions options)
   at System.Net.WebSockets.ClientWebSocket.ConnectAsyncCore(Uri uri, HttpMessageInvoker invoker, CancellationToken cancellationToken)
   at CloverBridge.Services.CloverWebSocketService.ConnectAsync(CancellationToken cancellationToken) in D:\DEVs\Clover2\windows\Services\CloverWebSocketService.cs:line 100
   at CloverBridge.Services.CloverWebSocketService.ExecuteAsync(CancellationToken stoppingToken) in D:\DEVs\Clover2\windows\Services\CloverWebSocketService.cs:line 44
2026-01-15 23:21:20 [INF] Connection state changed to "Error"
2026-01-15 23:21:20 [INF] Estado de conexi贸n: Error de Conexi贸n
2026-01-15 23:21:20 [INF] No se puede conectar a 10.1.1.53:12345
2026-01-15 23:21:20 [INF] Verifique que:
2026-01-15 23:21:20 [INF] 1. El terminal Clover est茅 encendido
2026-01-15 23:21:20 [INF] 2. Est茅 en la misma red que este PC
2026-01-15 23:21:20 [INF] 3. Network Pay Display est茅 habilitado
2026-01-15 23:21:20 [INF] 4. La IP y puerto sean correctos
2026-01-15 23:21:20 [INF] Reconnect attempt 1/10
2026-01-15 23:21:25 [INF] Connecting to Clover at ws://10.1.1.53:12345/remote_pay
2026-01-15 23:21:25 [INF] Connection state changed to "Connecting"
2026-01-15 23:21:25 [INF] Estado de conexi贸n: Conectando...
2026-01-15 23:21:26 [ERR] Error in WebSocket connection
System.Net.WebSockets.WebSocketException (0x80004005): Unable to connect to the remote server
 ---> System.Net.Http.HttpRequestException: An error occurred while sending the request.
 ---> System.Net.Http.HttpIOException: The response ended prematurely. (ResponseEnded)
   at System.Net.Http.HttpConnection.FillAsync(Boolean async)
   at System.Net.Http.HttpConnection.<FillForHeadersAsync>g__ReadUntilEndOfHeaderAsync|84_0(Boolean async)
   at System.Net.Http.HttpConnection.SendAsync(HttpRequestMessage request, Boolean async, CancellationToken cancellationToken)
   --- End of inner exception stack trace ---
   at System.Net.Http.HttpConnection.SendAsync(HttpRequestMessage request, Boolean async, CancellationToken cancellationToken)
   at System.Net.Http.HttpConnectionPool.SendWithVersionDetectionAndRetryAsync(HttpRequestMessage request, Boolean async, Boolean doRequestAuth, CancellationToken cancellationToken)
   at System.Net.Http.RedirectHandler.SendAsync(HttpRequestMessage request, Boolean async, CancellationToken cancellationToken)
   at System.Net.WebSockets.WebSocketHandle.ConnectAsync(Uri uri, HttpMessageInvoker invoker, CancellationToken cancellationToken, ClientWebSocketOptions options)
   at System.Net.WebSockets.WebSocketHandle.ConnectAsync(Uri uri, HttpMessageInvoker invoker, CancellationToken cancellationToken, ClientWebSocketOptions options)
   at System.Net.WebSockets.ClientWebSocket.ConnectAsyncCore(Uri uri, HttpMessageInvoker invoker, CancellationToken cancellationToken)
   at CloverBridge.Services.CloverWebSocketService.ConnectAsync(CancellationToken cancellationToken) in D:\DEVs\Clover2\windows\Services\CloverWebSocketService.cs:line 100
   at CloverBridge.Services.CloverWebSocketService.ExecuteAsync(CancellationToken stoppingToken) in D:\DEVs\Clover2\windows\Services\CloverWebSocketService.cs:line 44
2026-01-15 23:21:26 [INF] Connection state changed to "Error"
2026-01-15 23:21:26 [INF] Estado de conexi贸n: Error de Conexi贸n
2026-01-15 23:21:26 [INF] No se puede conectar a 10.1.1.53:12345
2026-01-15 23:21:26 [INF] Verifique que:
2026-01-15 23:21:26 [INF] 1. El terminal Clover est茅 encendido
2026-01-15 23:21:26 [INF] 2. Est茅 en la misma red que este PC
2026-01-15 23:21:26 [INF] 3. Network Pay Display est茅 habilitado
2026-01-15 23:21:26 [INF] 4. La IP y puerto sean correctos
2026-01-15 23:21:26 [INF] Reconnect attempt 2/10
2026-01-15 23:21:31 [INF] Connecting to Clover at ws://10.1.1.53:12345/remote_pay
2026-01-15 23:21:31 [INF] Connection state changed to "Connecting"
2026-01-15 23:21:31 [INF] Estado de conexi贸n: Conectando...
2026-01-15 23:21:32 [ERR] Error in WebSocket connection
System.Net.WebSockets.WebSocketException (0x80004005): Unable to connect to the remote server
 ---> System.Net.Http.HttpRequestException: An error occurred while sending the request.
 ---> System.Net.Http.HttpIOException: The response ended prematurely. (ResponseEnded)
   at System.Net.Http.HttpConnection.FillAsync(Boolean async)
   at System.Net.Http.HttpConnection.<FillForHeadersAsync>g__ReadUntilEndOfHeaderAsync|84_0(Boolean async)
   at System.Net.Http.HttpConnection.SendAsync(HttpRequestMessage request, Boolean async, CancellationToken cancellationToken)
   --- End of inner exception stack trace ---
   at System.Net.Http.HttpConnection.SendAsync(HttpRequestMessage request, Boolean async, CancellationToken cancellationToken)
   at System.Net.Http.HttpConnectionPool.SendWithVersionDetectionAndRetryAsync(HttpRequestMessage request, Boolean async, Boolean doRequestAuth, CancellationToken cancellationToken)
   at System.Net.Http.RedirectHandler.SendAsync(HttpRequestMessage request, Boolean async, CancellationToken cancellationToken)
   at System.Net.WebSockets.WebSocketHandle.ConnectAsync(Uri uri, HttpMessageInvoker invoker, CancellationToken cancellationToken, ClientWebSocketOptions options)
   at System.Net.WebSockets.WebSocketHandle.ConnectAsync(Uri uri, HttpMessageInvoker invoker, CancellationToken cancellationToken, ClientWebSocketOptions options)
   at System.Net.WebSockets.ClientWebSocket.ConnectAsyncCore(Uri uri, HttpMessageInvoker invoker, CancellationToken cancellationToken)
   at CloverBridge.Services.CloverWebSocketService.ConnectAsync(CancellationToken cancellationToken) in D:\DEVs\Clover2\windows\Services\CloverWebSocketService.cs:line 100
   at CloverBridge.Services.CloverWebSocketService.ExecuteAsync(CancellationToken stoppingToken) in D:\DEVs\Clover2\windows\Services\CloverWebSocketService.cs:line 44
2026-01-15 23:21:32 [INF] Connection state changed to "Error"
2026-01-15 23:21:32 [INF] Estado de conexi贸n: Error de Conexi贸n
2026-01-15 23:21:32 [INF] No se puede conectar a 10.1.1.53:12345
2026-01-15 23:21:32 [INF] Verifique que:
2026-01-15 23:21:32 [INF] 1. El terminal Clover est茅 encendido
2026-01-15 23:21:32 [INF] 2. Est茅 en la misma red que este PC
2026-01-15 23:21:32 [INF] 3. Network Pay Display est茅 habilitado
2026-01-15 23:21:32 [INF] 4. La IP y puerto sean correctos
2026-01-15 23:21:32 [INF] Reconnect attempt 3/10
2026-01-15 23:21:37 [INF] Connecting to Clover at ws://10.1.1.53:12345/remote_pay
2026-01-15 23:21:37 [INF] Connection state changed to "Connecting"
2026-01-15 23:21:37 [INF] Estado de conexi贸n: Conectando...
2026-01-15 23:21:37 [INF] Connection state changed to "Connected"
2026-01-15 23:21:37 [INF] Estado de conexi贸n: Conectado
2026-01-15 23:21:37 [INF] Connected to Clover
2026-01-15 23:21:37 [INF] No auth token found, requesting pairing
2026-01-15 23:21:37 [INF] Connection state changed to "PairingRequired"
2026-01-15 23:21:37 [INF] Estado de conexi贸n: Pairing Requerido
2026-01-15 23:21:37 [INF] Sending pairing request: {"RemoteApplicationId":"clover-bridge","PosName":"ERP Bridge","SerialNumber":"CB-001","$type":"PairingRequest"}
2026-01-15 23:21:37 [INF] Pairing request sent successfully
2026-01-15 23:21:39 [INF] Iniciando proceso de pairing...
2026-01-15 23:21:39 [INF]  Forzando nuevo pairing...
2026-01-15 23:21:39 [INF] WebSocket closed by server
2026-01-15 23:21:39 [INF] Connecting to Clover at ws://10.1.1.53:12345/remote_pay
2026-01-15 23:21:39 [INF] Connection state changed to "Connecting"
2026-01-15 23:21:39 [INF] Connection state changed to "Disconnected"
2026-01-15 23:21:39 [INF] Estado de conexi贸n: Desconectado
2026-01-15 23:21:39 [INF] Estado de conexi贸n: Conectando...
2026-01-15 23:21:39 [INF] Connection state changed to "Connected"
2026-01-15 23:21:39 [INF] Estado de conexi贸n: Conectado
2026-01-15 23:21:39 [INF] Connected to Clover
2026-01-15 23:21:39 [INF] No auth token found, requesting pairing
2026-01-15 23:21:39 [INF] Connection state changed to "PairingRequired"
2026-01-15 23:21:39 [INF] Estado de conexi贸n: Pairing Requerido
2026-01-15 23:21:39 [INF] Sending pairing request: {"RemoteApplicationId":"clover-bridge","PosName":"ERP Bridge","SerialNumber":"CB-001","$type":"PairingRequest"}
2026-01-15 23:21:39 [INF] Pairing request sent successfully
2026-01-15 23:21:40 [INF] Reconectando a 10.1.1.53:12345...
2026-01-15 23:21:40 [INF] Solicitud de pairing enviada
2026-01-15 23:25:25 [INF] Ventana oculta. Usa el icono de la bandeja para volver a abrirla.
2026-01-15 23:32:12 [INF] API Request: GET /
2026-01-15 23:32:12 [INF] API Request: GET /
2026-01-15 23:32:12 [INF] API Request: GET /favicon.ico
2026-01-15 23:32:12 [INF] API Request: GET /favicon.ico
